[2025-03-12T07:41:01.711+0000] {local_task_job_runner.py:123} INFO - ::group::Pre task execution logs
[2025-03-12T07:41:01.873+0000] {taskinstance.py:2614} INFO - Dependencies all met for dep_context=non-requeueable deps ti=<TaskInstance: tiki_extract_dag.extract_laptop-may-vi-tinh-linh-kien manual__2025-03-12T07:40:49.551946+00:00 [queued]>
[2025-03-12T07:41:01.892+0000] {taskinstance.py:2614} INFO - Dependencies all met for dep_context=requeueable deps ti=<TaskInstance: tiki_extract_dag.extract_laptop-may-vi-tinh-linh-kien manual__2025-03-12T07:40:49.551946+00:00 [queued]>
[2025-03-12T07:41:01.894+0000] {taskinstance.py:2867} INFO - Starting attempt 1 of 4
[2025-03-12T07:41:02.862+0000] {taskinstance.py:2890} INFO - Executing <Task(PythonOperator): extract_laptop-may-vi-tinh-linh-kien> on 2025-03-12 07:40:49.551946+00:00
[2025-03-12T07:41:02.944+0000] {warnings.py:112} WARNING - /home/***/.local/lib/python3.12/site-packages/***/task/task_runner/standard_task_runner.py:70: DeprecationWarning: This process (pid=462) is multi-threaded, use of fork() may lead to deadlocks in the child.
  pid = os.fork()

[2025-03-12T07:41:02.953+0000] {standard_task_runner.py:72} INFO - Started process 490 to run task
[2025-03-12T07:41:02.951+0000] {standard_task_runner.py:104} INFO - Running: ['***', 'tasks', 'run', 'tiki_extract_dag', 'extract_laptop-may-vi-tinh-linh-kien', 'manual__2025-03-12T07:40:49.551946+00:00', '--job-id', '691', '--raw', '--subdir', 'DAGS_FOLDER/tiki_extract_dag.py', '--cfg-path', '/tmp/tmp1u2t0_o2']
[2025-03-12T07:41:02.954+0000] {standard_task_runner.py:105} INFO - Job 691: Subtask extract_laptop-may-vi-tinh-linh-kien
[2025-03-12T07:41:03.960+0000] {task_command.py:467} INFO - Running <TaskInstance: tiki_extract_dag.extract_laptop-may-vi-tinh-linh-kien manual__2025-03-12T07:40:49.551946+00:00 [running]> on host 3905098656d4
[2025-03-12T07:41:05.538+0000] {taskinstance.py:3134} INFO - Exporting env vars: AIRFLOW_CTX_DAG_OWNER='***' AIRFLOW_CTX_DAG_ID='tiki_extract_dag' AIRFLOW_CTX_TASK_ID='extract_laptop-may-vi-tinh-linh-kien' AIRFLOW_CTX_EXECUTION_DATE='2025-03-12T07:40:49.551946+00:00' AIRFLOW_CTX_TRY_NUMBER='1' AIRFLOW_CTX_DAG_RUN_ID='manual__2025-03-12T07:40:49.551946+00:00'
[2025-03-12T07:41:05.540+0000] {logging_mixin.py:190} INFO - Task instance is in running state
[2025-03-12T07:41:05.540+0000] {logging_mixin.py:190} INFO -  Previous state of the Task instance: queued
[2025-03-12T07:41:05.541+0000] {logging_mixin.py:190} INFO - Current task name:extract_laptop-may-vi-tinh-linh-kien state:running start_date:2025-03-12 07:41:01.877678+00:00
[2025-03-12T07:41:05.542+0000] {logging_mixin.py:190} INFO - Dag name:tiki_extract_dag and current dag run status:running
[2025-03-12T07:41:05.542+0000] {taskinstance.py:732} INFO - ::endgroup::
[2025-03-12T07:41:06.218+0000] {tiki_extract_dag.py:122} INFO - Starting crawl for category laptop-may-vi-tinh-linh-kien
[2025-03-12T07:41:07.400+0000] {tiki_extract_dag.py:129} INFO - Total pages for laptop-may-vi-tinh-linh-kien: 50
[2025-03-12T07:41:09.711+0000] {tiki_extract_dag.py:155} INFO - Extracted page 2/50 - laptop-may-vi-tinh-linh-kien, total items: 80
[2025-03-12T07:41:46.194+0000] {job.py:229} INFO - Heartbeat recovered after 38.11 seconds
[2025-03-12T07:41:46.348+0000] {tiki_extract_dag.py:155} INFO - Extracted page 3/50 - laptop-may-vi-tinh-linh-kien, total items: 120
[2025-03-12T07:41:55.201+0000] {tiki_extract_dag.py:155} INFO - Extracted page 4/50 - laptop-may-vi-tinh-linh-kien, total items: 160
[2025-03-12T07:42:02.746+0000] {tiki_extract_dag.py:155} INFO - Extracted page 5/50 - laptop-may-vi-tinh-linh-kien, total items: 200
[2025-03-12T07:42:10.635+0000] {tiki_extract_dag.py:155} INFO - Extracted page 6/50 - laptop-may-vi-tinh-linh-kien, total items: 240
[2025-03-12T07:42:16.739+0000] {tiki_extract_dag.py:155} INFO - Extracted page 7/50 - laptop-may-vi-tinh-linh-kien, total items: 280
[2025-03-12T07:42:22.836+0000] {tiki_extract_dag.py:155} INFO - Extracted page 8/50 - laptop-may-vi-tinh-linh-kien, total items: 320
[2025-03-12T07:42:32.527+0000] {tiki_extract_dag.py:155} INFO - Extracted page 9/50 - laptop-may-vi-tinh-linh-kien, total items: 360
[2025-03-12T07:42:40.141+0000] {tiki_extract_dag.py:155} INFO - Extracted page 10/50 - laptop-may-vi-tinh-linh-kien, total items: 400
[2025-03-12T07:42:48.065+0000] {tiki_extract_dag.py:155} INFO - Extracted page 11/50 - laptop-may-vi-tinh-linh-kien, total items: 440
[2025-03-12T07:42:57.877+0000] {tiki_extract_dag.py:155} INFO - Extracted page 12/50 - laptop-may-vi-tinh-linh-kien, total items: 480
[2025-03-12T07:43:04.776+0000] {tiki_extract_dag.py:155} INFO - Extracted page 13/50 - laptop-may-vi-tinh-linh-kien, total items: 520
[2025-03-12T07:43:13.097+0000] {tiki_extract_dag.py:155} INFO - Extracted page 14/50 - laptop-may-vi-tinh-linh-kien, total items: 560
[2025-03-12T07:43:23.268+0000] {tiki_extract_dag.py:155} INFO - Extracted page 15/50 - laptop-may-vi-tinh-linh-kien, total items: 600
[2025-03-12T07:43:32.568+0000] {tiki_extract_dag.py:155} INFO - Extracted page 16/50 - laptop-may-vi-tinh-linh-kien, total items: 640
[2025-03-12T07:43:38.940+0000] {tiki_extract_dag.py:155} INFO - Extracted page 17/50 - laptop-may-vi-tinh-linh-kien, total items: 680
[2025-03-12T07:43:45.661+0000] {tiki_extract_dag.py:155} INFO - Extracted page 18/50 - laptop-may-vi-tinh-linh-kien, total items: 720
[2025-03-12T07:43:55.386+0000] {tiki_extract_dag.py:155} INFO - Extracted page 19/50 - laptop-may-vi-tinh-linh-kien, total items: 760
[2025-03-12T07:44:05.190+0000] {tiki_extract_dag.py:155} INFO - Extracted page 20/50 - laptop-may-vi-tinh-linh-kien, total items: 800
[2025-03-12T07:44:12.515+0000] {tiki_extract_dag.py:155} INFO - Extracted page 21/50 - laptop-may-vi-tinh-linh-kien, total items: 840
[2025-03-12T07:44:18.387+0000] {tiki_extract_dag.py:155} INFO - Extracted page 22/50 - laptop-may-vi-tinh-linh-kien, total items: 880
[2025-03-12T07:44:28.507+0000] {tiki_extract_dag.py:155} INFO - Extracted page 23/50 - laptop-may-vi-tinh-linh-kien, total items: 920
[2025-03-12T07:44:36.319+0000] {tiki_extract_dag.py:155} INFO - Extracted page 24/50 - laptop-may-vi-tinh-linh-kien, total items: 960
[2025-03-12T07:44:44.049+0000] {tiki_extract_dag.py:155} INFO - Extracted page 25/50 - laptop-may-vi-tinh-linh-kien, total items: 1000
[2025-03-12T07:44:50.878+0000] {tiki_extract_dag.py:155} INFO - Extracted page 26/50 - laptop-may-vi-tinh-linh-kien, total items: 1040
[2025-03-12T07:44:58.965+0000] {tiki_extract_dag.py:155} INFO - Extracted page 27/50 - laptop-may-vi-tinh-linh-kien, total items: 1080
[2025-03-12T07:45:09.399+0000] {tiki_extract_dag.py:155} INFO - Extracted page 28/50 - laptop-may-vi-tinh-linh-kien, total items: 1120
[2025-03-12T07:45:17.240+0000] {tiki_extract_dag.py:155} INFO - Extracted page 29/50 - laptop-may-vi-tinh-linh-kien, total items: 1160
[2025-03-12T07:45:25.389+0000] {tiki_extract_dag.py:155} INFO - Extracted page 30/50 - laptop-may-vi-tinh-linh-kien, total items: 1200
[2025-03-12T07:45:33.865+0000] {tiki_extract_dag.py:155} INFO - Extracted page 31/50 - laptop-may-vi-tinh-linh-kien, total items: 1240
[2025-03-12T07:45:39.995+0000] {tiki_extract_dag.py:155} INFO - Extracted page 32/50 - laptop-may-vi-tinh-linh-kien, total items: 1280
[2025-03-12T07:45:50.026+0000] {tiki_extract_dag.py:155} INFO - Extracted page 33/50 - laptop-may-vi-tinh-linh-kien, total items: 1320
[2025-03-12T07:45:58.455+0000] {tiki_extract_dag.py:155} INFO - Extracted page 34/50 - laptop-may-vi-tinh-linh-kien, total items: 1360
[2025-03-12T07:46:05.964+0000] {tiki_extract_dag.py:155} INFO - Extracted page 35/50 - laptop-may-vi-tinh-linh-kien, total items: 1400
[2025-03-12T07:46:12.980+0000] {tiki_extract_dag.py:155} INFO - Extracted page 36/50 - laptop-may-vi-tinh-linh-kien, total items: 1440
[2025-03-12T07:46:20.690+0000] {tiki_extract_dag.py:155} INFO - Extracted page 37/50 - laptop-may-vi-tinh-linh-kien, total items: 1480
[2025-03-12T07:46:28.365+0000] {tiki_extract_dag.py:155} INFO - Extracted page 38/50 - laptop-may-vi-tinh-linh-kien, total items: 1520
[2025-03-12T07:46:35.502+0000] {tiki_extract_dag.py:155} INFO - Extracted page 39/50 - laptop-may-vi-tinh-linh-kien, total items: 1560
[2025-03-12T07:46:43.574+0000] {tiki_extract_dag.py:155} INFO - Extracted page 40/50 - laptop-may-vi-tinh-linh-kien, total items: 1600
[2025-03-12T07:46:53.949+0000] {tiki_extract_dag.py:155} INFO - Extracted page 41/50 - laptop-may-vi-tinh-linh-kien, total items: 1640
[2025-03-12T07:47:00.996+0000] {tiki_extract_dag.py:155} INFO - Extracted page 42/50 - laptop-may-vi-tinh-linh-kien, total items: 1680
[2025-03-12T07:47:08.228+0000] {tiki_extract_dag.py:155} INFO - Extracted page 43/50 - laptop-may-vi-tinh-linh-kien, total items: 1720
[2025-03-12T07:47:29.253+0000] {tiki_extract_dag.py:155} INFO - Extracted page 44/50 - laptop-may-vi-tinh-linh-kien, total items: 1760
[2025-03-12T07:47:29.257+0000] {job.py:229} INFO - Heartbeat recovered after 19.05 seconds
[2025-03-12T07:47:35.037+0000] {tiki_extract_dag.py:155} INFO - Extracted page 45/50 - laptop-may-vi-tinh-linh-kien, total items: 1800
[2025-03-12T07:47:45.376+0000] {tiki_extract_dag.py:155} INFO - Extracted page 46/50 - laptop-may-vi-tinh-linh-kien, total items: 1840
[2025-03-12T07:47:53.384+0000] {tiki_extract_dag.py:155} INFO - Extracted page 47/50 - laptop-may-vi-tinh-linh-kien, total items: 1880
[2025-03-12T07:47:59.968+0000] {tiki_extract_dag.py:155} INFO - Extracted page 48/50 - laptop-may-vi-tinh-linh-kien, total items: 1920
[2025-03-12T07:48:09.704+0000] {tiki_extract_dag.py:155} INFO - Extracted page 49/50 - laptop-may-vi-tinh-linh-kien, total items: 1960
[2025-03-12T07:48:17.652+0000] {tiki_extract_dag.py:155} INFO - Extracted page 50/50 - laptop-may-vi-tinh-linh-kien, total items: 2000
[2025-03-12T07:50:05.826+0000] {taskinstance.py:3313} ERROR - Task failed with exception
Traceback (most recent call last):
  File "/home/airflow/.local/lib/python3.12/site-packages/urllib3/connectionpool.py", line 534, in _make_request
    response = conn.getresponse()
               ^^^^^^^^^^^^^^^^^^
  File "/home/airflow/.local/lib/python3.12/site-packages/urllib3/connection.py", line 516, in getresponse
    httplib_response = super().getresponse()
                       ^^^^^^^^^^^^^^^^^^^^^
  File "/usr/local/lib/python3.12/http/client.py", line 1430, in getresponse
    response.begin()
  File "/usr/local/lib/python3.12/http/client.py", line 331, in begin
    version, status, reason = self._read_status()
                              ^^^^^^^^^^^^^^^^^^^
  File "/usr/local/lib/python3.12/http/client.py", line 292, in _read_status
    line = str(self.fp.readline(_MAXLINE + 1), "iso-8859-1")
               ^^^^^^^^^^^^^^^^^^^^^^^^^^^^^^
  File "/usr/local/lib/python3.12/socket.py", line 720, in readinto
    return self._sock.recv_into(b)
           ^^^^^^^^^^^^^^^^^^^^^^^
  File "/usr/local/lib/python3.12/ssl.py", line 1251, in recv_into
    return self.read(nbytes, buffer)
           ^^^^^^^^^^^^^^^^^^^^^^^^^
  File "/usr/local/lib/python3.12/ssl.py", line 1103, in read
    return self._sslobj.read(len, buffer)
           ^^^^^^^^^^^^^^^^^^^^^^^^^^^^^^
TimeoutError: The read operation timed out

The above exception was the direct cause of the following exception:

Traceback (most recent call last):
  File "/home/airflow/.local/lib/python3.12/site-packages/requests/adapters.py", line 667, in send
    resp = conn.urlopen(
           ^^^^^^^^^^^^^
  File "/home/airflow/.local/lib/python3.12/site-packages/urllib3/connectionpool.py", line 841, in urlopen
    retries = retries.increment(
              ^^^^^^^^^^^^^^^^^^
  File "/home/airflow/.local/lib/python3.12/site-packages/urllib3/util/retry.py", line 474, in increment
    raise reraise(type(error), error, _stacktrace)
          ^^^^^^^^^^^^^^^^^^^^^^^^^^^^^^^^^^^^^^^^
  File "/home/airflow/.local/lib/python3.12/site-packages/urllib3/util/util.py", line 39, in reraise
    raise value
  File "/home/airflow/.local/lib/python3.12/site-packages/urllib3/connectionpool.py", line 787, in urlopen
    response = self._make_request(
               ^^^^^^^^^^^^^^^^^^^
  File "/home/airflow/.local/lib/python3.12/site-packages/urllib3/connectionpool.py", line 536, in _make_request
    self._raise_timeout(err=e, url=url, timeout_value=read_timeout)
  File "/home/airflow/.local/lib/python3.12/site-packages/urllib3/connectionpool.py", line 367, in _raise_timeout
    raise ReadTimeoutError(
urllib3.exceptions.ReadTimeoutError: HTTPSConnectionPool(host='storage.googleapis.com', port=443): Read timed out. (read timeout=60)

During handling of the above exception, another exception occurred:

Traceback (most recent call last):
  File "/home/airflow/.local/lib/python3.12/site-packages/airflow/models/taskinstance.py", line 768, in _execute_task
    result = _execute_callable(context=context, **execute_callable_kwargs)
             ^^^^^^^^^^^^^^^^^^^^^^^^^^^^^^^^^^^^^^^^^^^^^^^^^^^^^^^^^^^^^
  File "/home/airflow/.local/lib/python3.12/site-packages/airflow/models/taskinstance.py", line 734, in _execute_callable
    return ExecutionCallableRunner(
           ^^^^^^^^^^^^^^^^^^^^^^^^
  File "/home/airflow/.local/lib/python3.12/site-packages/airflow/utils/operator_helpers.py", line 252, in run
    return self.func(*args, **kwargs)
           ^^^^^^^^^^^^^^^^^^^^^^^^^^
  File "/home/airflow/.local/lib/python3.12/site-packages/airflow/models/baseoperator.py", line 424, in wrapper
    return func(self, *args, **kwargs)
           ^^^^^^^^^^^^^^^^^^^^^^^^^^^
  File "/home/airflow/.local/lib/python3.12/site-packages/airflow/operators/python.py", line 238, in execute
    return_value = self.execute_callable()
                   ^^^^^^^^^^^^^^^^^^^^^^^
  File "/home/airflow/.local/lib/python3.12/site-packages/airflow/operators/python.py", line 256, in execute_callable
    return runner.run(*self.op_args, **self.op_kwargs)
           ^^^^^^^^^^^^^^^^^^^^^^^^^^^^^^^^^^^^^^^^^^^
  File "/home/airflow/.local/lib/python3.12/site-packages/airflow/utils/operator_helpers.py", line 252, in run
    return self.func(*args, **kwargs)
           ^^^^^^^^^^^^^^^^^^^^^^^^^^
  File "/opt/airflow/dags/tiki_extract_dag.py", line 170, in extract_category_data
    blob.upload_from_string(json.dumps(all_raw_data), content_type='application/json')
  File "/usr/local/lib/python3.12/contextlib.py", line 81, in inner
    return func(*args, **kwds)
           ^^^^^^^^^^^^^^^^^^^
  File "/home/airflow/.local/lib/python3.12/site-packages/google/cloud/storage/blob.py", line 3128, in upload_from_string
    self.upload_from_file(
  File "/usr/local/lib/python3.12/contextlib.py", line 81, in inner
    return func(*args, **kwds)
           ^^^^^^^^^^^^^^^^^^^
  File "/home/airflow/.local/lib/python3.12/site-packages/google/cloud/storage/blob.py", line 2851, in upload_from_file
    self._prep_and_do_upload(
  File "/home/airflow/.local/lib/python3.12/site-packages/google/cloud/storage/blob.py", line 2700, in _prep_and_do_upload
    created_json = self._do_upload(
                   ^^^^^^^^^^^^^^^^
  File "/home/airflow/.local/lib/python3.12/site-packages/google/cloud/storage/blob.py", line 2506, in _do_upload
    response = self._do_multipart_upload(
               ^^^^^^^^^^^^^^^^^^^^^^^^^^
  File "/home/airflow/.local/lib/python3.12/site-packages/google/cloud/storage/blob.py", line 2007, in _do_multipart_upload
    response = upload.transmit(
               ^^^^^^^^^^^^^^^^
  File "/home/airflow/.local/lib/python3.12/site-packages/google/resumable_media/requests/upload.py", line 153, in transmit
    return _request_helpers.wait_and_retry(
           ^^^^^^^^^^^^^^^^^^^^^^^^^^^^^^^^
  File "/home/airflow/.local/lib/python3.12/site-packages/google/resumable_media/requests/_request_helpers.py", line 178, in wait_and_retry
    raise error
  File "/home/airflow/.local/lib/python3.12/site-packages/google/resumable_media/requests/_request_helpers.py", line 155, in wait_and_retry
    response = func()
               ^^^^^^
  File "/home/airflow/.local/lib/python3.12/site-packages/google/resumable_media/requests/upload.py", line 145, in retriable_request
    result = transport.request(
             ^^^^^^^^^^^^^^^^^^
  File "/home/airflow/.local/lib/python3.12/site-packages/google/auth/transport/requests.py", line 537, in request
    response = super(AuthorizedSession, self).request(
               ^^^^^^^^^^^^^^^^^^^^^^^^^^^^^^^^^^^^^^^
  File "/home/airflow/.local/lib/python3.12/site-packages/requests/sessions.py", line 589, in request
    resp = self.send(prep, **send_kwargs)
           ^^^^^^^^^^^^^^^^^^^^^^^^^^^^^^
  File "/home/airflow/.local/lib/python3.12/site-packages/requests/sessions.py", line 703, in send
    r = adapter.send(request, **kwargs)
        ^^^^^^^^^^^^^^^^^^^^^^^^^^^^^^^
  File "/home/airflow/.local/lib/python3.12/site-packages/requests/adapters.py", line 713, in send
    raise ReadTimeout(e, request=request)
requests.exceptions.ReadTimeout: HTTPSConnectionPool(host='storage.googleapis.com', port=443): Read timed out. (read timeout=60)
[2025-03-12T07:50:05.903+0000] {logging_mixin.py:190} INFO - Task instance in failure state
[2025-03-12T07:50:05.904+0000] {logging_mixin.py:190} INFO - Task start:2025-03-12 07:41:01.877678+00:00 end:2025-03-12 07:50:05.899586+00:00 duration:544.021908
[2025-03-12T07:50:05.905+0000] {logging_mixin.py:190} INFO - Task:<Task(PythonOperator): extract_laptop-may-vi-tinh-linh-kien> dag:<DAG: tiki_extract_dag> dagrun:<DagRun tiki_extract_dag @ 2025-03-12 07:40:49.551946+00:00: manual__2025-03-12T07:40:49.551946+00:00, state:running, queued_at: 2025-03-12 07:40:49.590021+00:00. externally triggered: True>
[2025-03-12T07:50:05.906+0000] {logging_mixin.py:190} INFO - Failure caused by HTTPSConnectionPool(host='storage.googleapis.com', port=443): Read timed out. (read timeout=60)
[2025-03-12T07:50:05.907+0000] {taskinstance.py:1226} INFO - Marking task as UP_FOR_RETRY. dag_id=tiki_extract_dag, task_id=extract_laptop-may-vi-tinh-linh-kien, run_id=manual__2025-03-12T07:40:49.551946+00:00, execution_date=20250312T074049, start_date=20250312T074101, end_date=20250312T075005
[2025-03-12T07:50:05.981+0000] {taskinstance.py:341} INFO - ::group::Post task execution logs
[2025-03-12T07:50:05.984+0000] {standard_task_runner.py:124} ERROR - Failed to execute job 691 for task extract_laptop-may-vi-tinh-linh-kien (HTTPSConnectionPool(host='storage.googleapis.com', port=443): Read timed out. (read timeout=60); 490)
Traceback (most recent call last):
  File "/home/airflow/.local/lib/python3.12/site-packages/urllib3/connectionpool.py", line 534, in _make_request
    response = conn.getresponse()
               ^^^^^^^^^^^^^^^^^^
  File "/home/airflow/.local/lib/python3.12/site-packages/urllib3/connection.py", line 516, in getresponse
    httplib_response = super().getresponse()
                       ^^^^^^^^^^^^^^^^^^^^^
  File "/usr/local/lib/python3.12/http/client.py", line 1430, in getresponse
    response.begin()
  File "/usr/local/lib/python3.12/http/client.py", line 331, in begin
    version, status, reason = self._read_status()
                              ^^^^^^^^^^^^^^^^^^^
  File "/usr/local/lib/python3.12/http/client.py", line 292, in _read_status
    line = str(self.fp.readline(_MAXLINE + 1), "iso-8859-1")
               ^^^^^^^^^^^^^^^^^^^^^^^^^^^^^^
  File "/usr/local/lib/python3.12/socket.py", line 720, in readinto
    return self._sock.recv_into(b)
           ^^^^^^^^^^^^^^^^^^^^^^^
  File "/usr/local/lib/python3.12/ssl.py", line 1251, in recv_into
    return self.read(nbytes, buffer)
           ^^^^^^^^^^^^^^^^^^^^^^^^^
  File "/usr/local/lib/python3.12/ssl.py", line 1103, in read
    return self._sslobj.read(len, buffer)
           ^^^^^^^^^^^^^^^^^^^^^^^^^^^^^^
TimeoutError: The read operation timed out

The above exception was the direct cause of the following exception:

Traceback (most recent call last):
  File "/home/airflow/.local/lib/python3.12/site-packages/requests/adapters.py", line 667, in send
    resp = conn.urlopen(
           ^^^^^^^^^^^^^
  File "/home/airflow/.local/lib/python3.12/site-packages/urllib3/connectionpool.py", line 841, in urlopen
    retries = retries.increment(
              ^^^^^^^^^^^^^^^^^^
  File "/home/airflow/.local/lib/python3.12/site-packages/urllib3/util/retry.py", line 474, in increment
    raise reraise(type(error), error, _stacktrace)
          ^^^^^^^^^^^^^^^^^^^^^^^^^^^^^^^^^^^^^^^^
  File "/home/airflow/.local/lib/python3.12/site-packages/urllib3/util/util.py", line 39, in reraise
    raise value
  File "/home/airflow/.local/lib/python3.12/site-packages/urllib3/connectionpool.py", line 787, in urlopen
    response = self._make_request(
               ^^^^^^^^^^^^^^^^^^^
  File "/home/airflow/.local/lib/python3.12/site-packages/urllib3/connectionpool.py", line 536, in _make_request
    self._raise_timeout(err=e, url=url, timeout_value=read_timeout)
  File "/home/airflow/.local/lib/python3.12/site-packages/urllib3/connectionpool.py", line 367, in _raise_timeout
    raise ReadTimeoutError(
urllib3.exceptions.ReadTimeoutError: HTTPSConnectionPool(host='storage.googleapis.com', port=443): Read timed out. (read timeout=60)

During handling of the above exception, another exception occurred:

Traceback (most recent call last):
  File "/home/airflow/.local/lib/python3.12/site-packages/airflow/task/task_runner/standard_task_runner.py", line 117, in _start_by_fork
    ret = args.func(args, dag=self.dag)
          ^^^^^^^^^^^^^^^^^^^^^^^^^^^^^
  File "/home/airflow/.local/lib/python3.12/site-packages/airflow/cli/cli_config.py", line 49, in command
    return func(*args, **kwargs)
           ^^^^^^^^^^^^^^^^^^^^^
  File "/home/airflow/.local/lib/python3.12/site-packages/airflow/utils/cli.py", line 116, in wrapper
    return f(*args, **kwargs)
           ^^^^^^^^^^^^^^^^^^
  File "/home/airflow/.local/lib/python3.12/site-packages/airflow/cli/commands/task_command.py", line 483, in task_run
    task_return_code = _run_task_by_selected_method(args, _dag, ti)
                       ^^^^^^^^^^^^^^^^^^^^^^^^^^^^^^^^^^^^^^^^^^^^
  File "/home/airflow/.local/lib/python3.12/site-packages/airflow/cli/commands/task_command.py", line 256, in _run_task_by_selected_method
    return _run_raw_task(args, ti)
           ^^^^^^^^^^^^^^^^^^^^^^^
  File "/home/airflow/.local/lib/python3.12/site-packages/airflow/cli/commands/task_command.py", line 341, in _run_raw_task
    return ti._run_raw_task(
           ^^^^^^^^^^^^^^^^^
  File "/home/airflow/.local/lib/python3.12/site-packages/airflow/utils/session.py", line 97, in wrapper
    return func(*args, session=session, **kwargs)
           ^^^^^^^^^^^^^^^^^^^^^^^^^^^^^^^^^^^^^^
  File "/home/airflow/.local/lib/python3.12/site-packages/airflow/models/taskinstance.py", line 3006, in _run_raw_task
    return _run_raw_task(
           ^^^^^^^^^^^^^^
  File "/home/airflow/.local/lib/python3.12/site-packages/airflow/models/taskinstance.py", line 274, in _run_raw_task
    TaskInstance._execute_task_with_callbacks(
  File "/home/airflow/.local/lib/python3.12/site-packages/airflow/models/taskinstance.py", line 3161, in _execute_task_with_callbacks
    result = self._execute_task(context, task_orig)
             ^^^^^^^^^^^^^^^^^^^^^^^^^^^^^^^^^^^^^^
  File "/home/airflow/.local/lib/python3.12/site-packages/airflow/models/taskinstance.py", line 3185, in _execute_task
    return _execute_task(self, context, task_orig)
           ^^^^^^^^^^^^^^^^^^^^^^^^^^^^^^^^^^^^^^^
  File "/home/airflow/.local/lib/python3.12/site-packages/airflow/models/taskinstance.py", line 768, in _execute_task
    result = _execute_callable(context=context, **execute_callable_kwargs)
             ^^^^^^^^^^^^^^^^^^^^^^^^^^^^^^^^^^^^^^^^^^^^^^^^^^^^^^^^^^^^^
  File "/home/airflow/.local/lib/python3.12/site-packages/airflow/models/taskinstance.py", line 734, in _execute_callable
    return ExecutionCallableRunner(
           ^^^^^^^^^^^^^^^^^^^^^^^^
  File "/home/airflow/.local/lib/python3.12/site-packages/airflow/utils/operator_helpers.py", line 252, in run
    return self.func(*args, **kwargs)
           ^^^^^^^^^^^^^^^^^^^^^^^^^^
  File "/home/airflow/.local/lib/python3.12/site-packages/airflow/models/baseoperator.py", line 424, in wrapper
    return func(self, *args, **kwargs)
           ^^^^^^^^^^^^^^^^^^^^^^^^^^^
  File "/home/airflow/.local/lib/python3.12/site-packages/airflow/operators/python.py", line 238, in execute
    return_value = self.execute_callable()
                   ^^^^^^^^^^^^^^^^^^^^^^^
  File "/home/airflow/.local/lib/python3.12/site-packages/airflow/operators/python.py", line 256, in execute_callable
    return runner.run(*self.op_args, **self.op_kwargs)
           ^^^^^^^^^^^^^^^^^^^^^^^^^^^^^^^^^^^^^^^^^^^
  File "/home/airflow/.local/lib/python3.12/site-packages/airflow/utils/operator_helpers.py", line 252, in run
    return self.func(*args, **kwargs)
           ^^^^^^^^^^^^^^^^^^^^^^^^^^
  File "/opt/airflow/dags/tiki_extract_dag.py", line 170, in extract_category_data
    blob.upload_from_string(json.dumps(all_raw_data), content_type='application/json')
  File "/usr/local/lib/python3.12/contextlib.py", line 81, in inner
    return func(*args, **kwds)
           ^^^^^^^^^^^^^^^^^^^
  File "/home/airflow/.local/lib/python3.12/site-packages/google/cloud/storage/blob.py", line 3128, in upload_from_string
    self.upload_from_file(
  File "/usr/local/lib/python3.12/contextlib.py", line 81, in inner
    return func(*args, **kwds)
           ^^^^^^^^^^^^^^^^^^^
  File "/home/airflow/.local/lib/python3.12/site-packages/google/cloud/storage/blob.py", line 2851, in upload_from_file
    self._prep_and_do_upload(
  File "/home/airflow/.local/lib/python3.12/site-packages/google/cloud/storage/blob.py", line 2700, in _prep_and_do_upload
    created_json = self._do_upload(
                   ^^^^^^^^^^^^^^^^
  File "/home/airflow/.local/lib/python3.12/site-packages/google/cloud/storage/blob.py", line 2506, in _do_upload
    response = self._do_multipart_upload(
               ^^^^^^^^^^^^^^^^^^^^^^^^^^
  File "/home/airflow/.local/lib/python3.12/site-packages/google/cloud/storage/blob.py", line 2007, in _do_multipart_upload
    response = upload.transmit(
               ^^^^^^^^^^^^^^^^
  File "/home/airflow/.local/lib/python3.12/site-packages/google/resumable_media/requests/upload.py", line 153, in transmit
    return _request_helpers.wait_and_retry(
           ^^^^^^^^^^^^^^^^^^^^^^^^^^^^^^^^
  File "/home/airflow/.local/lib/python3.12/site-packages/google/resumable_media/requests/_request_helpers.py", line 178, in wait_and_retry
    raise error
  File "/home/airflow/.local/lib/python3.12/site-packages/google/resumable_media/requests/_request_helpers.py", line 155, in wait_and_retry
    response = func()
               ^^^^^^
  File "/home/airflow/.local/lib/python3.12/site-packages/google/resumable_media/requests/upload.py", line 145, in retriable_request
    result = transport.request(
             ^^^^^^^^^^^^^^^^^^
  File "/home/airflow/.local/lib/python3.12/site-packages/google/auth/transport/requests.py", line 537, in request
    response = super(AuthorizedSession, self).request(
               ^^^^^^^^^^^^^^^^^^^^^^^^^^^^^^^^^^^^^^^
  File "/home/airflow/.local/lib/python3.12/site-packages/requests/sessions.py", line 589, in request
    resp = self.send(prep, **send_kwargs)
           ^^^^^^^^^^^^^^^^^^^^^^^^^^^^^^
  File "/home/airflow/.local/lib/python3.12/site-packages/requests/sessions.py", line 703, in send
    r = adapter.send(request, **kwargs)
        ^^^^^^^^^^^^^^^^^^^^^^^^^^^^^^^
  File "/home/airflow/.local/lib/python3.12/site-packages/requests/adapters.py", line 713, in send
    raise ReadTimeout(e, request=request)
requests.exceptions.ReadTimeout: HTTPSConnectionPool(host='storage.googleapis.com', port=443): Read timed out. (read timeout=60)
[2025-03-12T07:50:06.069+0000] {local_task_job_runner.py:266} INFO - Task exited with return code 1
[2025-03-12T07:50:06.132+0000] {taskinstance.py:3901} INFO - 0 downstream tasks scheduled from follow-on schedule check
[2025-03-12T07:50:06.136+0000] {local_task_job_runner.py:245} INFO - ::endgroup::
