[2025-03-12T07:41:00.351+0000] {local_task_job_runner.py:123} INFO - ::group::Pre task execution logs
[2025-03-12T07:41:00.417+0000] {taskinstance.py:2614} INFO - Dependencies all met for dep_context=non-requeueable deps ti=<TaskInstance: tiki_extract_dag.extract_dien-tu-dien-lanh manual__2025-03-12T07:40:49.551946+00:00 [queued]>
[2025-03-12T07:41:00.456+0000] {taskinstance.py:2614} INFO - Dependencies all met for dep_context=requeueable deps ti=<TaskInstance: tiki_extract_dag.extract_dien-tu-dien-lanh manual__2025-03-12T07:40:49.551946+00:00 [queued]>
[2025-03-12T07:41:00.458+0000] {taskinstance.py:2867} INFO - Starting attempt 1 of 4
[2025-03-12T07:41:00.538+0000] {taskinstance.py:2890} INFO - Executing <Task(PythonOperator): extract_dien-tu-dien-lanh> on 2025-03-12 07:40:49.551946+00:00
[2025-03-12T07:41:00.594+0000] {warnings.py:112} WARNING - /home/***/.local/lib/python3.12/site-packages/***/task/task_runner/standard_task_runner.py:70: DeprecationWarning: This process (pid=456) is multi-threaded, use of fork() may lead to deadlocks in the child.
  pid = os.fork()

[2025-03-12T07:41:00.613+0000] {standard_task_runner.py:72} INFO - Started process 488 to run task
[2025-03-12T07:41:00.625+0000] {standard_task_runner.py:104} INFO - Running: ['***', 'tasks', 'run', 'tiki_extract_dag', 'extract_dien-tu-dien-lanh', 'manual__2025-03-12T07:40:49.551946+00:00', '--job-id', '690', '--raw', '--subdir', 'DAGS_FOLDER/tiki_extract_dag.py', '--cfg-path', '/tmp/tmp11lu290e']
[2025-03-12T07:41:00.628+0000] {standard_task_runner.py:105} INFO - Job 690: Subtask extract_dien-tu-dien-lanh
[2025-03-12T07:41:00.917+0000] {task_command.py:467} INFO - Running <TaskInstance: tiki_extract_dag.extract_dien-tu-dien-lanh manual__2025-03-12T07:40:49.551946+00:00 [running]> on host 3905098656d4
[2025-03-12T07:41:04.743+0000] {taskinstance.py:3134} INFO - Exporting env vars: AIRFLOW_CTX_DAG_OWNER='***' AIRFLOW_CTX_DAG_ID='tiki_extract_dag' AIRFLOW_CTX_TASK_ID='extract_dien-tu-dien-lanh' AIRFLOW_CTX_EXECUTION_DATE='2025-03-12T07:40:49.551946+00:00' AIRFLOW_CTX_TRY_NUMBER='1' AIRFLOW_CTX_DAG_RUN_ID='manual__2025-03-12T07:40:49.551946+00:00'
[2025-03-12T07:41:04.747+0000] {logging_mixin.py:190} INFO - Task instance is in running state
[2025-03-12T07:41:04.748+0000] {logging_mixin.py:190} INFO -  Previous state of the Task instance: queued
[2025-03-12T07:41:04.749+0000] {logging_mixin.py:190} INFO - Current task name:extract_dien-tu-dien-lanh state:running start_date:2025-03-12 07:41:00.418104+00:00
[2025-03-12T07:41:04.750+0000] {logging_mixin.py:190} INFO - Dag name:tiki_extract_dag and current dag run status:running
[2025-03-12T07:41:04.751+0000] {taskinstance.py:732} INFO - ::endgroup::
[2025-03-12T07:41:05.689+0000] {tiki_extract_dag.py:122} INFO - Starting crawl for category dien-tu-dien-lanh
[2025-03-12T07:41:06.291+0000] {tiki_extract_dag.py:129} INFO - Total pages for dien-tu-dien-lanh: 50
[2025-03-12T07:41:08.708+0000] {tiki_extract_dag.py:155} INFO - Extracted page 2/50 - dien-tu-dien-lanh, total items: 80
[2025-03-12T07:41:46.272+0000] {job.py:229} INFO - Heartbeat recovered after 35.53 seconds
[2025-03-12T07:41:47.048+0000] {tiki_extract_dag.py:155} INFO - Extracted page 3/50 - dien-tu-dien-lanh, total items: 120
[2025-03-12T07:41:55.197+0000] {tiki_extract_dag.py:155} INFO - Extracted page 4/50 - dien-tu-dien-lanh, total items: 160
[2025-03-12T07:42:05.106+0000] {tiki_extract_dag.py:155} INFO - Extracted page 5/50 - dien-tu-dien-lanh, total items: 200
[2025-03-12T07:42:12.657+0000] {tiki_extract_dag.py:155} INFO - Extracted page 6/50 - dien-tu-dien-lanh, total items: 240
[2025-03-12T07:42:20.506+0000] {tiki_extract_dag.py:155} INFO - Extracted page 7/50 - dien-tu-dien-lanh, total items: 280
[2025-03-12T07:42:29.778+0000] {tiki_extract_dag.py:155} INFO - Extracted page 8/50 - dien-tu-dien-lanh, total items: 320
[2025-03-12T07:42:37.080+0000] {tiki_extract_dag.py:155} INFO - Extracted page 9/50 - dien-tu-dien-lanh, total items: 360
[2025-03-12T07:42:47.316+0000] {tiki_extract_dag.py:155} INFO - Extracted page 10/50 - dien-tu-dien-lanh, total items: 400
[2025-03-12T07:42:56.121+0000] {tiki_extract_dag.py:155} INFO - Extracted page 11/50 - dien-tu-dien-lanh, total items: 440
[2025-03-12T07:43:02.043+0000] {tiki_extract_dag.py:155} INFO - Extracted page 12/50 - dien-tu-dien-lanh, total items: 480
[2025-03-12T07:43:08.951+0000] {tiki_extract_dag.py:155} INFO - Extracted page 13/50 - dien-tu-dien-lanh, total items: 520
[2025-03-12T07:43:14.555+0000] {tiki_extract_dag.py:155} INFO - Extracted page 14/50 - dien-tu-dien-lanh, total items: 560
[2025-03-12T07:43:23.900+0000] {tiki_extract_dag.py:155} INFO - Extracted page 15/50 - dien-tu-dien-lanh, total items: 600
[2025-03-12T07:43:31.059+0000] {tiki_extract_dag.py:155} INFO - Extracted page 16/50 - dien-tu-dien-lanh, total items: 640
[2025-03-12T07:43:39.814+0000] {tiki_extract_dag.py:155} INFO - Extracted page 17/50 - dien-tu-dien-lanh, total items: 680
[2025-03-12T07:43:49.064+0000] {tiki_extract_dag.py:155} INFO - Extracted page 18/50 - dien-tu-dien-lanh, total items: 720
[2025-03-12T07:43:59.422+0000] {tiki_extract_dag.py:155} INFO - Extracted page 19/50 - dien-tu-dien-lanh, total items: 760
[2025-03-12T07:44:06.328+0000] {tiki_extract_dag.py:155} INFO - Extracted page 20/50 - dien-tu-dien-lanh, total items: 800
[2025-03-12T07:44:15.502+0000] {tiki_extract_dag.py:155} INFO - Extracted page 21/50 - dien-tu-dien-lanh, total items: 840
[2025-03-12T07:44:25.849+0000] {tiki_extract_dag.py:155} INFO - Extracted page 22/50 - dien-tu-dien-lanh, total items: 880
[2025-03-12T07:44:33.457+0000] {tiki_extract_dag.py:155} INFO - Extracted page 23/50 - dien-tu-dien-lanh, total items: 920
[2025-03-12T07:44:43.477+0000] {tiki_extract_dag.py:155} INFO - Extracted page 24/50 - dien-tu-dien-lanh, total items: 960
[2025-03-12T07:44:52.840+0000] {tiki_extract_dag.py:155} INFO - Extracted page 25/50 - dien-tu-dien-lanh, total items: 1000
[2025-03-12T07:45:01.813+0000] {tiki_extract_dag.py:155} INFO - Extracted page 26/50 - dien-tu-dien-lanh, total items: 1040
[2025-03-12T07:45:07.531+0000] {tiki_extract_dag.py:155} INFO - Extracted page 27/50 - dien-tu-dien-lanh, total items: 1080
[2025-03-12T07:45:13.502+0000] {tiki_extract_dag.py:155} INFO - Extracted page 28/50 - dien-tu-dien-lanh, total items: 1120
[2025-03-12T07:45:21.106+0000] {tiki_extract_dag.py:155} INFO - Extracted page 29/50 - dien-tu-dien-lanh, total items: 1160
[2025-03-12T07:45:27.854+0000] {tiki_extract_dag.py:155} INFO - Extracted page 30/50 - dien-tu-dien-lanh, total items: 1200
[2025-03-12T07:45:35.443+0000] {tiki_extract_dag.py:155} INFO - Extracted page 31/50 - dien-tu-dien-lanh, total items: 1240
[2025-03-12T07:45:45.056+0000] {tiki_extract_dag.py:155} INFO - Extracted page 32/50 - dien-tu-dien-lanh, total items: 1280
[2025-03-12T07:45:52.035+0000] {tiki_extract_dag.py:155} INFO - Extracted page 33/50 - dien-tu-dien-lanh, total items: 1320
[2025-03-12T07:46:01.113+0000] {tiki_extract_dag.py:155} INFO - Extracted page 34/50 - dien-tu-dien-lanh, total items: 1360
[2025-03-12T07:46:10.191+0000] {tiki_extract_dag.py:155} INFO - Extracted page 35/50 - dien-tu-dien-lanh, total items: 1400
[2025-03-12T07:46:16.348+0000] {tiki_extract_dag.py:155} INFO - Extracted page 36/50 - dien-tu-dien-lanh, total items: 1440
[2025-03-12T07:46:25.324+0000] {tiki_extract_dag.py:155} INFO - Extracted page 37/50 - dien-tu-dien-lanh, total items: 1480
[2025-03-12T07:46:31.145+0000] {tiki_extract_dag.py:155} INFO - Extracted page 38/50 - dien-tu-dien-lanh, total items: 1520
[2025-03-12T07:46:39.624+0000] {tiki_extract_dag.py:155} INFO - Extracted page 39/50 - dien-tu-dien-lanh, total items: 1560
[2025-03-12T07:46:48.919+0000] {tiki_extract_dag.py:155} INFO - Extracted page 40/50 - dien-tu-dien-lanh, total items: 1600
[2025-03-12T07:46:57.160+0000] {tiki_extract_dag.py:155} INFO - Extracted page 41/50 - dien-tu-dien-lanh, total items: 1640
[2025-03-12T07:47:05.232+0000] {tiki_extract_dag.py:155} INFO - Extracted page 42/50 - dien-tu-dien-lanh, total items: 1680
[2025-03-12T07:47:11.988+0000] {tiki_extract_dag.py:155} INFO - Extracted page 43/50 - dien-tu-dien-lanh, total items: 1720
[2025-03-12T07:47:29.206+0000] {job.py:229} INFO - Heartbeat recovered after 18.93 seconds
[2025-03-12T07:47:31.011+0000] {tiki_extract_dag.py:155} INFO - Extracted page 44/50 - dien-tu-dien-lanh, total items: 1760
[2025-03-12T07:47:37.241+0000] {tiki_extract_dag.py:155} INFO - Extracted page 45/50 - dien-tu-dien-lanh, total items: 1800
[2025-03-12T07:47:48.079+0000] {tiki_extract_dag.py:155} INFO - Extracted page 46/50 - dien-tu-dien-lanh, total items: 1840
[2025-03-12T07:47:56.223+0000] {tiki_extract_dag.py:155} INFO - Extracted page 47/50 - dien-tu-dien-lanh, total items: 1880
[2025-03-12T07:48:04.342+0000] {tiki_extract_dag.py:155} INFO - Extracted page 48/50 - dien-tu-dien-lanh, total items: 1920
[2025-03-12T07:48:12.686+0000] {tiki_extract_dag.py:155} INFO - Extracted page 49/50 - dien-tu-dien-lanh, total items: 1960
[2025-03-12T07:48:18.745+0000] {tiki_extract_dag.py:155} INFO - Extracted page 50/50 - dien-tu-dien-lanh, total items: 2000
[2025-03-12T07:49:30.607+0000] {taskinstance.py:3313} ERROR - Task failed with exception
Traceback (most recent call last):
  File "/home/airflow/.local/lib/python3.12/site-packages/urllib3/connectionpool.py", line 787, in urlopen
    response = self._make_request(
               ^^^^^^^^^^^^^^^^^^^
  File "/home/airflow/.local/lib/python3.12/site-packages/urllib3/connectionpool.py", line 493, in _make_request
    conn.request(
  File "/home/airflow/.local/lib/python3.12/site-packages/urllib3/connection.py", line 459, in request
    self.send(chunk)
  File "/usr/local/lib/python3.12/http/client.py", line 1057, in send
    self.sock.sendall(data)
  File "/usr/local/lib/python3.12/ssl.py", line 1210, in sendall
    v = self.send(byte_view[count:])
        ^^^^^^^^^^^^^^^^^^^^^^^^^^^^
  File "/usr/local/lib/python3.12/ssl.py", line 1179, in send
    return self._sslobj.write(data)
           ^^^^^^^^^^^^^^^^^^^^^^^^
TimeoutError: The write operation timed out

During handling of the above exception, another exception occurred:

Traceback (most recent call last):
  File "/home/airflow/.local/lib/python3.12/site-packages/requests/adapters.py", line 667, in send
    resp = conn.urlopen(
           ^^^^^^^^^^^^^
  File "/home/airflow/.local/lib/python3.12/site-packages/urllib3/connectionpool.py", line 841, in urlopen
    retries = retries.increment(
              ^^^^^^^^^^^^^^^^^^
  File "/home/airflow/.local/lib/python3.12/site-packages/urllib3/util/retry.py", line 474, in increment
    raise reraise(type(error), error, _stacktrace)
          ^^^^^^^^^^^^^^^^^^^^^^^^^^^^^^^^^^^^^^^^
  File "/home/airflow/.local/lib/python3.12/site-packages/urllib3/util/util.py", line 38, in reraise
    raise value.with_traceback(tb)
  File "/home/airflow/.local/lib/python3.12/site-packages/urllib3/connectionpool.py", line 787, in urlopen
    response = self._make_request(
               ^^^^^^^^^^^^^^^^^^^
  File "/home/airflow/.local/lib/python3.12/site-packages/urllib3/connectionpool.py", line 493, in _make_request
    conn.request(
  File "/home/airflow/.local/lib/python3.12/site-packages/urllib3/connection.py", line 459, in request
    self.send(chunk)
  File "/usr/local/lib/python3.12/http/client.py", line 1057, in send
    self.sock.sendall(data)
  File "/usr/local/lib/python3.12/ssl.py", line 1210, in sendall
    v = self.send(byte_view[count:])
        ^^^^^^^^^^^^^^^^^^^^^^^^^^^^
  File "/usr/local/lib/python3.12/ssl.py", line 1179, in send
    return self._sslobj.write(data)
           ^^^^^^^^^^^^^^^^^^^^^^^^
urllib3.exceptions.ProtocolError: ('Connection aborted.', TimeoutError('The write operation timed out'))

During handling of the above exception, another exception occurred:

Traceback (most recent call last):
  File "/home/airflow/.local/lib/python3.12/site-packages/airflow/models/taskinstance.py", line 768, in _execute_task
    result = _execute_callable(context=context, **execute_callable_kwargs)
             ^^^^^^^^^^^^^^^^^^^^^^^^^^^^^^^^^^^^^^^^^^^^^^^^^^^^^^^^^^^^^
  File "/home/airflow/.local/lib/python3.12/site-packages/airflow/models/taskinstance.py", line 734, in _execute_callable
    return ExecutionCallableRunner(
           ^^^^^^^^^^^^^^^^^^^^^^^^
  File "/home/airflow/.local/lib/python3.12/site-packages/airflow/utils/operator_helpers.py", line 252, in run
    return self.func(*args, **kwargs)
           ^^^^^^^^^^^^^^^^^^^^^^^^^^
  File "/home/airflow/.local/lib/python3.12/site-packages/airflow/models/baseoperator.py", line 424, in wrapper
    return func(self, *args, **kwargs)
           ^^^^^^^^^^^^^^^^^^^^^^^^^^^
  File "/home/airflow/.local/lib/python3.12/site-packages/airflow/operators/python.py", line 238, in execute
    return_value = self.execute_callable()
                   ^^^^^^^^^^^^^^^^^^^^^^^
  File "/home/airflow/.local/lib/python3.12/site-packages/airflow/operators/python.py", line 256, in execute_callable
    return runner.run(*self.op_args, **self.op_kwargs)
           ^^^^^^^^^^^^^^^^^^^^^^^^^^^^^^^^^^^^^^^^^^^
  File "/home/airflow/.local/lib/python3.12/site-packages/airflow/utils/operator_helpers.py", line 252, in run
    return self.func(*args, **kwargs)
           ^^^^^^^^^^^^^^^^^^^^^^^^^^
  File "/opt/airflow/dags/tiki_extract_dag.py", line 170, in extract_category_data
    blob.upload_from_string(json.dumps(all_raw_data), content_type='application/json')
  File "/usr/local/lib/python3.12/contextlib.py", line 81, in inner
    return func(*args, **kwds)
           ^^^^^^^^^^^^^^^^^^^
  File "/home/airflow/.local/lib/python3.12/site-packages/google/cloud/storage/blob.py", line 3128, in upload_from_string
    self.upload_from_file(
  File "/usr/local/lib/python3.12/contextlib.py", line 81, in inner
    return func(*args, **kwds)
           ^^^^^^^^^^^^^^^^^^^
  File "/home/airflow/.local/lib/python3.12/site-packages/google/cloud/storage/blob.py", line 2851, in upload_from_file
    self._prep_and_do_upload(
  File "/home/airflow/.local/lib/python3.12/site-packages/google/cloud/storage/blob.py", line 2700, in _prep_and_do_upload
    created_json = self._do_upload(
                   ^^^^^^^^^^^^^^^^
  File "/home/airflow/.local/lib/python3.12/site-packages/google/cloud/storage/blob.py", line 2506, in _do_upload
    response = self._do_multipart_upload(
               ^^^^^^^^^^^^^^^^^^^^^^^^^^
  File "/home/airflow/.local/lib/python3.12/site-packages/google/cloud/storage/blob.py", line 2007, in _do_multipart_upload
    response = upload.transmit(
               ^^^^^^^^^^^^^^^^
  File "/home/airflow/.local/lib/python3.12/site-packages/google/resumable_media/requests/upload.py", line 153, in transmit
    return _request_helpers.wait_and_retry(
           ^^^^^^^^^^^^^^^^^^^^^^^^^^^^^^^^
  File "/home/airflow/.local/lib/python3.12/site-packages/google/resumable_media/requests/_request_helpers.py", line 178, in wait_and_retry
    raise error
  File "/home/airflow/.local/lib/python3.12/site-packages/google/resumable_media/requests/_request_helpers.py", line 155, in wait_and_retry
    response = func()
               ^^^^^^
  File "/home/airflow/.local/lib/python3.12/site-packages/google/resumable_media/requests/upload.py", line 145, in retriable_request
    result = transport.request(
             ^^^^^^^^^^^^^^^^^^
  File "/home/airflow/.local/lib/python3.12/site-packages/google/auth/transport/requests.py", line 537, in request
    response = super(AuthorizedSession, self).request(
               ^^^^^^^^^^^^^^^^^^^^^^^^^^^^^^^^^^^^^^^
  File "/home/airflow/.local/lib/python3.12/site-packages/requests/sessions.py", line 589, in request
    resp = self.send(prep, **send_kwargs)
           ^^^^^^^^^^^^^^^^^^^^^^^^^^^^^^
  File "/home/airflow/.local/lib/python3.12/site-packages/requests/sessions.py", line 703, in send
    r = adapter.send(request, **kwargs)
        ^^^^^^^^^^^^^^^^^^^^^^^^^^^^^^^
  File "/home/airflow/.local/lib/python3.12/site-packages/requests/adapters.py", line 682, in send
    raise ConnectionError(err, request=request)
requests.exceptions.ConnectionError: ('Connection aborted.', TimeoutError('The write operation timed out'))
[2025-03-12T07:49:30.684+0000] {logging_mixin.py:190} INFO - Task instance in failure state
[2025-03-12T07:49:30.686+0000] {logging_mixin.py:190} INFO - Task start:2025-03-12 07:41:00.418104+00:00 end:2025-03-12 07:49:30.681335+00:00 duration:510.263231
[2025-03-12T07:49:30.687+0000] {logging_mixin.py:190} INFO - Task:<Task(PythonOperator): extract_dien-tu-dien-lanh> dag:<DAG: tiki_extract_dag> dagrun:<DagRun tiki_extract_dag @ 2025-03-12 07:40:49.551946+00:00: manual__2025-03-12T07:40:49.551946+00:00, state:running, queued_at: 2025-03-12 07:40:49.590021+00:00. externally triggered: True>
[2025-03-12T07:49:30.688+0000] {logging_mixin.py:190} INFO - Failure caused by ('Connection aborted.', TimeoutError('The write operation timed out'))
[2025-03-12T07:49:30.689+0000] {taskinstance.py:1226} INFO - Marking task as UP_FOR_RETRY. dag_id=tiki_extract_dag, task_id=extract_dien-tu-dien-lanh, run_id=manual__2025-03-12T07:40:49.551946+00:00, execution_date=20250312T074049, start_date=20250312T074100, end_date=20250312T074930
[2025-03-12T07:49:30.760+0000] {taskinstance.py:341} INFO - ::group::Post task execution logs
[2025-03-12T07:49:30.762+0000] {standard_task_runner.py:124} ERROR - Failed to execute job 690 for task extract_dien-tu-dien-lanh (('Connection aborted.', TimeoutError('The write operation timed out')); 488)
Traceback (most recent call last):
  File "/home/airflow/.local/lib/python3.12/site-packages/urllib3/connectionpool.py", line 787, in urlopen
    response = self._make_request(
               ^^^^^^^^^^^^^^^^^^^
  File "/home/airflow/.local/lib/python3.12/site-packages/urllib3/connectionpool.py", line 493, in _make_request
    conn.request(
  File "/home/airflow/.local/lib/python3.12/site-packages/urllib3/connection.py", line 459, in request
    self.send(chunk)
  File "/usr/local/lib/python3.12/http/client.py", line 1057, in send
    self.sock.sendall(data)
  File "/usr/local/lib/python3.12/ssl.py", line 1210, in sendall
    v = self.send(byte_view[count:])
        ^^^^^^^^^^^^^^^^^^^^^^^^^^^^
  File "/usr/local/lib/python3.12/ssl.py", line 1179, in send
    return self._sslobj.write(data)
           ^^^^^^^^^^^^^^^^^^^^^^^^
TimeoutError: The write operation timed out

During handling of the above exception, another exception occurred:

Traceback (most recent call last):
  File "/home/airflow/.local/lib/python3.12/site-packages/requests/adapters.py", line 667, in send
    resp = conn.urlopen(
           ^^^^^^^^^^^^^
  File "/home/airflow/.local/lib/python3.12/site-packages/urllib3/connectionpool.py", line 841, in urlopen
    retries = retries.increment(
              ^^^^^^^^^^^^^^^^^^
  File "/home/airflow/.local/lib/python3.12/site-packages/urllib3/util/retry.py", line 474, in increment
    raise reraise(type(error), error, _stacktrace)
          ^^^^^^^^^^^^^^^^^^^^^^^^^^^^^^^^^^^^^^^^
  File "/home/airflow/.local/lib/python3.12/site-packages/urllib3/util/util.py", line 38, in reraise
    raise value.with_traceback(tb)
  File "/home/airflow/.local/lib/python3.12/site-packages/urllib3/connectionpool.py", line 787, in urlopen
    response = self._make_request(
               ^^^^^^^^^^^^^^^^^^^
  File "/home/airflow/.local/lib/python3.12/site-packages/urllib3/connectionpool.py", line 493, in _make_request
    conn.request(
  File "/home/airflow/.local/lib/python3.12/site-packages/urllib3/connection.py", line 459, in request
    self.send(chunk)
  File "/usr/local/lib/python3.12/http/client.py", line 1057, in send
    self.sock.sendall(data)
  File "/usr/local/lib/python3.12/ssl.py", line 1210, in sendall
    v = self.send(byte_view[count:])
        ^^^^^^^^^^^^^^^^^^^^^^^^^^^^
  File "/usr/local/lib/python3.12/ssl.py", line 1179, in send
    return self._sslobj.write(data)
           ^^^^^^^^^^^^^^^^^^^^^^^^
urllib3.exceptions.ProtocolError: ('Connection aborted.', TimeoutError('The write operation timed out'))

During handling of the above exception, another exception occurred:

Traceback (most recent call last):
  File "/home/airflow/.local/lib/python3.12/site-packages/airflow/task/task_runner/standard_task_runner.py", line 117, in _start_by_fork
    ret = args.func(args, dag=self.dag)
          ^^^^^^^^^^^^^^^^^^^^^^^^^^^^^
  File "/home/airflow/.local/lib/python3.12/site-packages/airflow/cli/cli_config.py", line 49, in command
    return func(*args, **kwargs)
           ^^^^^^^^^^^^^^^^^^^^^
  File "/home/airflow/.local/lib/python3.12/site-packages/airflow/utils/cli.py", line 116, in wrapper
    return f(*args, **kwargs)
           ^^^^^^^^^^^^^^^^^^
  File "/home/airflow/.local/lib/python3.12/site-packages/airflow/cli/commands/task_command.py", line 483, in task_run
    task_return_code = _run_task_by_selected_method(args, _dag, ti)
                       ^^^^^^^^^^^^^^^^^^^^^^^^^^^^^^^^^^^^^^^^^^^^
  File "/home/airflow/.local/lib/python3.12/site-packages/airflow/cli/commands/task_command.py", line 256, in _run_task_by_selected_method
    return _run_raw_task(args, ti)
           ^^^^^^^^^^^^^^^^^^^^^^^
  File "/home/airflow/.local/lib/python3.12/site-packages/airflow/cli/commands/task_command.py", line 341, in _run_raw_task
    return ti._run_raw_task(
           ^^^^^^^^^^^^^^^^^
  File "/home/airflow/.local/lib/python3.12/site-packages/airflow/utils/session.py", line 97, in wrapper
    return func(*args, session=session, **kwargs)
           ^^^^^^^^^^^^^^^^^^^^^^^^^^^^^^^^^^^^^^
  File "/home/airflow/.local/lib/python3.12/site-packages/airflow/models/taskinstance.py", line 3006, in _run_raw_task
    return _run_raw_task(
           ^^^^^^^^^^^^^^
  File "/home/airflow/.local/lib/python3.12/site-packages/airflow/models/taskinstance.py", line 274, in _run_raw_task
    TaskInstance._execute_task_with_callbacks(
  File "/home/airflow/.local/lib/python3.12/site-packages/airflow/models/taskinstance.py", line 3161, in _execute_task_with_callbacks
    result = self._execute_task(context, task_orig)
             ^^^^^^^^^^^^^^^^^^^^^^^^^^^^^^^^^^^^^^
  File "/home/airflow/.local/lib/python3.12/site-packages/airflow/models/taskinstance.py", line 3185, in _execute_task
    return _execute_task(self, context, task_orig)
           ^^^^^^^^^^^^^^^^^^^^^^^^^^^^^^^^^^^^^^^
  File "/home/airflow/.local/lib/python3.12/site-packages/airflow/models/taskinstance.py", line 768, in _execute_task
    result = _execute_callable(context=context, **execute_callable_kwargs)
             ^^^^^^^^^^^^^^^^^^^^^^^^^^^^^^^^^^^^^^^^^^^^^^^^^^^^^^^^^^^^^
  File "/home/airflow/.local/lib/python3.12/site-packages/airflow/models/taskinstance.py", line 734, in _execute_callable
    return ExecutionCallableRunner(
           ^^^^^^^^^^^^^^^^^^^^^^^^
  File "/home/airflow/.local/lib/python3.12/site-packages/airflow/utils/operator_helpers.py", line 252, in run
    return self.func(*args, **kwargs)
           ^^^^^^^^^^^^^^^^^^^^^^^^^^
  File "/home/airflow/.local/lib/python3.12/site-packages/airflow/models/baseoperator.py", line 424, in wrapper
    return func(self, *args, **kwargs)
           ^^^^^^^^^^^^^^^^^^^^^^^^^^^
  File "/home/airflow/.local/lib/python3.12/site-packages/airflow/operators/python.py", line 238, in execute
    return_value = self.execute_callable()
                   ^^^^^^^^^^^^^^^^^^^^^^^
  File "/home/airflow/.local/lib/python3.12/site-packages/airflow/operators/python.py", line 256, in execute_callable
    return runner.run(*self.op_args, **self.op_kwargs)
           ^^^^^^^^^^^^^^^^^^^^^^^^^^^^^^^^^^^^^^^^^^^
  File "/home/airflow/.local/lib/python3.12/site-packages/airflow/utils/operator_helpers.py", line 252, in run
    return self.func(*args, **kwargs)
           ^^^^^^^^^^^^^^^^^^^^^^^^^^
  File "/opt/airflow/dags/tiki_extract_dag.py", line 170, in extract_category_data
    blob.upload_from_string(json.dumps(all_raw_data), content_type='application/json')
  File "/usr/local/lib/python3.12/contextlib.py", line 81, in inner
    return func(*args, **kwds)
           ^^^^^^^^^^^^^^^^^^^
  File "/home/airflow/.local/lib/python3.12/site-packages/google/cloud/storage/blob.py", line 3128, in upload_from_string
    self.upload_from_file(
  File "/usr/local/lib/python3.12/contextlib.py", line 81, in inner
    return func(*args, **kwds)
           ^^^^^^^^^^^^^^^^^^^
  File "/home/airflow/.local/lib/python3.12/site-packages/google/cloud/storage/blob.py", line 2851, in upload_from_file
    self._prep_and_do_upload(
  File "/home/airflow/.local/lib/python3.12/site-packages/google/cloud/storage/blob.py", line 2700, in _prep_and_do_upload
    created_json = self._do_upload(
                   ^^^^^^^^^^^^^^^^
  File "/home/airflow/.local/lib/python3.12/site-packages/google/cloud/storage/blob.py", line 2506, in _do_upload
    response = self._do_multipart_upload(
               ^^^^^^^^^^^^^^^^^^^^^^^^^^
  File "/home/airflow/.local/lib/python3.12/site-packages/google/cloud/storage/blob.py", line 2007, in _do_multipart_upload
    response = upload.transmit(
               ^^^^^^^^^^^^^^^^
  File "/home/airflow/.local/lib/python3.12/site-packages/google/resumable_media/requests/upload.py", line 153, in transmit
    return _request_helpers.wait_and_retry(
           ^^^^^^^^^^^^^^^^^^^^^^^^^^^^^^^^
  File "/home/airflow/.local/lib/python3.12/site-packages/google/resumable_media/requests/_request_helpers.py", line 178, in wait_and_retry
    raise error
  File "/home/airflow/.local/lib/python3.12/site-packages/google/resumable_media/requests/_request_helpers.py", line 155, in wait_and_retry
    response = func()
               ^^^^^^
  File "/home/airflow/.local/lib/python3.12/site-packages/google/resumable_media/requests/upload.py", line 145, in retriable_request
    result = transport.request(
             ^^^^^^^^^^^^^^^^^^
  File "/home/airflow/.local/lib/python3.12/site-packages/google/auth/transport/requests.py", line 537, in request
    response = super(AuthorizedSession, self).request(
               ^^^^^^^^^^^^^^^^^^^^^^^^^^^^^^^^^^^^^^^
  File "/home/airflow/.local/lib/python3.12/site-packages/requests/sessions.py", line 589, in request
    resp = self.send(prep, **send_kwargs)
           ^^^^^^^^^^^^^^^^^^^^^^^^^^^^^^
  File "/home/airflow/.local/lib/python3.12/site-packages/requests/sessions.py", line 703, in send
    r = adapter.send(request, **kwargs)
        ^^^^^^^^^^^^^^^^^^^^^^^^^^^^^^^
  File "/home/airflow/.local/lib/python3.12/site-packages/requests/adapters.py", line 682, in send
    raise ConnectionError(err, request=request)
requests.exceptions.ConnectionError: ('Connection aborted.', TimeoutError('The write operation timed out'))
[2025-03-12T07:49:30.844+0000] {local_task_job_runner.py:266} INFO - Task exited with return code 1
[2025-03-12T07:49:30.902+0000] {taskinstance.py:3901} INFO - 0 downstream tasks scheduled from follow-on schedule check
[2025-03-12T07:49:30.905+0000] {local_task_job_runner.py:245} INFO - ::endgroup::
