[2025-03-07T22:10:53.733+0000] {local_task_job_runner.py:123} INFO - ::group::Pre task execution logs
[2025-03-07T22:10:53.758+0000] {taskinstance.py:2614} INFO - Dependencies all met for dep_context=non-requeueable deps ti=<TaskInstance: tiki_extract_dag.extract_data manual__2025-03-07T22:10:51.311791+00:00 [queued]>
[2025-03-07T22:10:53.768+0000] {taskinstance.py:2614} INFO - Dependencies all met for dep_context=requeueable deps ti=<TaskInstance: tiki_extract_dag.extract_data manual__2025-03-07T22:10:51.311791+00:00 [queued]>
[2025-03-07T22:10:53.769+0000] {taskinstance.py:2867} INFO - Starting attempt 1 of 1
[2025-03-07T22:10:53.787+0000] {taskinstance.py:2890} INFO - Executing <Task(PythonOperator): extract_data> on 2025-03-07 22:10:51.311791+00:00
[2025-03-07T22:10:53.799+0000] {warnings.py:112} WARNING - /home/***/.local/lib/python3.12/site-packages/***/task/task_runner/standard_task_runner.py:70: DeprecationWarning: This process (pid=90) is multi-threaded, use of fork() may lead to deadlocks in the child.
  pid = os.fork()

[2025-03-07T22:10:53.801+0000] {standard_task_runner.py:72} INFO - Started process 92 to run task
[2025-03-07T22:10:53.801+0000] {standard_task_runner.py:104} INFO - Running: ['***', 'tasks', 'run', 'tiki_extract_dag', 'extract_data', 'manual__2025-03-07T22:10:51.311791+00:00', '--job-id', '31', '--raw', '--subdir', 'DAGS_FOLDER/tiki_extract_dag.py', '--cfg-path', '/tmp/tmph8psos2c']
[2025-03-07T22:10:53.802+0000] {standard_task_runner.py:105} INFO - Job 31: Subtask extract_data
[2025-03-07T22:10:53.865+0000] {task_command.py:467} INFO - Running <TaskInstance: tiki_extract_dag.extract_data manual__2025-03-07T22:10:51.311791+00:00 [running]> on host 8726a8862e9f
[2025-03-07T22:10:53.969+0000] {taskinstance.py:3134} INFO - Exporting env vars: AIRFLOW_CTX_DAG_OWNER='***' AIRFLOW_CTX_DAG_ID='tiki_extract_dag' AIRFLOW_CTX_TASK_ID='extract_data' AIRFLOW_CTX_EXECUTION_DATE='2025-03-07T22:10:51.311791+00:00' AIRFLOW_CTX_TRY_NUMBER='1' AIRFLOW_CTX_DAG_RUN_ID='manual__2025-03-07T22:10:51.311791+00:00'
[2025-03-07T22:10:53.971+0000] {logging_mixin.py:190} INFO - Task instance is in running state
[2025-03-07T22:10:53.972+0000] {logging_mixin.py:190} INFO -  Previous state of the Task instance: queued
[2025-03-07T22:10:53.973+0000] {logging_mixin.py:190} INFO - Current task name:extract_data state:running start_date:2025-03-07 22:10:53.759075+00:00
[2025-03-07T22:10:53.973+0000] {logging_mixin.py:190} INFO - Dag name:tiki_extract_dag and current dag run status:running
[2025-03-07T22:10:53.974+0000] {taskinstance.py:732} INFO - ::endgroup::
[2025-03-07T22:10:56.220+0000] {crawl_data.py:111} INFO - Extracted page 1 - lam-dep-suc-khoe
[2025-03-07T22:10:58.621+0000] {crawl_data.py:111} INFO - Extracted page 2 - lam-dep-suc-khoe
[2025-03-07T22:10:59.987+0000] {crawl_data.py:111} INFO - Extracted page 3 - lam-dep-suc-khoe
[2025-03-07T22:11:02.128+0000] {crawl_data.py:111} INFO - Extracted page 4 - lam-dep-suc-khoe
[2025-03-07T22:11:04.647+0000] {crawl_data.py:111} INFO - Extracted page 5 - lam-dep-suc-khoe
[2025-03-07T22:11:06.350+0000] {crawl_data.py:111} INFO - Extracted page 1 - dien-thoai-may-tinh-bang
[2025-03-07T22:11:07.817+0000] {crawl_data.py:111} INFO - Extracted page 2 - dien-thoai-may-tinh-bang
[2025-03-07T22:11:09.245+0000] {crawl_data.py:111} INFO - Extracted page 3 - dien-thoai-may-tinh-bang
[2025-03-07T22:11:12.009+0000] {crawl_data.py:111} INFO - Extracted page 4 - dien-thoai-may-tinh-bang
[2025-03-07T22:11:13.722+0000] {crawl_data.py:111} INFO - Extracted page 5 - dien-thoai-may-tinh-bang
[2025-03-07T22:11:15.257+0000] {crawl_data.py:111} INFO - Extracted page 1 - laptop-may-vi-tinh-linh-kien
[2025-03-07T22:11:17.139+0000] {crawl_data.py:111} INFO - Extracted page 2 - laptop-may-vi-tinh-linh-kien
[2025-03-07T22:11:19.563+0000] {crawl_data.py:111} INFO - Extracted page 3 - laptop-may-vi-tinh-linh-kien
[2025-03-07T22:11:20.966+0000] {crawl_data.py:111} INFO - Extracted page 4 - laptop-may-vi-tinh-linh-kien
[2025-03-07T22:11:24.132+0000] {crawl_data.py:111} INFO - Extracted page 5 - laptop-may-vi-tinh-linh-kien
[2025-03-07T22:11:26.920+0000] {crawl_data.py:111} INFO - Extracted page 1 - dien-gia-dung
[2025-03-07T22:11:28.141+0000] {crawl_data.py:111} INFO - Extracted page 2 - dien-gia-dung
[2025-03-07T22:11:30.490+0000] {crawl_data.py:111} INFO - Extracted page 3 - dien-gia-dung
[2025-03-07T22:11:32.566+0000] {crawl_data.py:111} INFO - Extracted page 4 - dien-gia-dung
[2025-03-07T22:11:34.748+0000] {crawl_data.py:111} INFO - Extracted page 5 - dien-gia-dung
[2025-03-07T22:11:37.492+0000] {crawl_data.py:111} INFO - Extracted page 1 - sach
[2025-03-07T22:11:40.571+0000] {crawl_data.py:111} INFO - Extracted page 2 - sach
[2025-03-07T22:11:43.092+0000] {crawl_data.py:111} INFO - Extracted page 3 - sach
[2025-03-07T22:11:46.132+0000] {crawl_data.py:111} INFO - Extracted page 4 - sach
[2025-03-07T22:11:48.755+0000] {crawl_data.py:111} INFO - Extracted page 5 - sach
[2025-03-07T22:11:51.234+0000] {crawl_data.py:111} INFO - Extracted page 1 - thiet-bi-kts-phu-kien-so
[2025-03-07T22:11:53.327+0000] {crawl_data.py:111} INFO - Extracted page 2 - thiet-bi-kts-phu-kien-so
[2025-03-07T22:11:55.195+0000] {crawl_data.py:111} INFO - Extracted page 3 - thiet-bi-kts-phu-kien-so
[2025-03-07T22:11:56.818+0000] {crawl_data.py:111} INFO - Extracted page 4 - thiet-bi-kts-phu-kien-so
[2025-03-07T22:11:59.718+0000] {crawl_data.py:111} INFO - Extracted page 5 - thiet-bi-kts-phu-kien-so
[2025-03-07T22:12:02.942+0000] {crawl_data.py:111} INFO - Extracted page 1 - thoi-trang-nu
[2025-03-07T22:12:05.316+0000] {crawl_data.py:111} INFO - Extracted page 2 - thoi-trang-nu
[2025-03-07T22:12:08.014+0000] {crawl_data.py:111} INFO - Extracted page 3 - thoi-trang-nu
[2025-03-07T22:12:09.720+0000] {crawl_data.py:111} INFO - Extracted page 4 - thoi-trang-nu
[2025-03-07T22:12:12.752+0000] {crawl_data.py:111} INFO - Extracted page 5 - thoi-trang-nu
[2025-03-07T22:12:14.168+0000] {crawl_data.py:111} INFO - Extracted page 1 - thoi-trang-nam
[2025-03-07T22:12:16.599+0000] {crawl_data.py:111} INFO - Extracted page 2 - thoi-trang-nam
[2025-03-07T22:12:18.950+0000] {crawl_data.py:111} INFO - Extracted page 3 - thoi-trang-nam
[2025-03-07T22:12:21.595+0000] {crawl_data.py:111} INFO - Extracted page 4 - thoi-trang-nam
[2025-03-07T22:12:23.983+0000] {crawl_data.py:111} INFO - Extracted page 5 - thoi-trang-nam
[2025-03-07T22:12:25.924+0000] {crawl_data.py:111} INFO - Extracted page 1 - dong-ho-va-trang-suc
[2025-03-07T22:12:27.642+0000] {crawl_data.py:111} INFO - Extracted page 2 - dong-ho-va-trang-suc
[2025-03-07T22:12:29.827+0000] {crawl_data.py:111} INFO - Extracted page 3 - dong-ho-va-trang-suc
[2025-03-07T22:12:32.562+0000] {crawl_data.py:111} INFO - Extracted page 4 - dong-ho-va-trang-suc
[2025-03-07T22:12:34.778+0000] {crawl_data.py:111} INFO - Extracted page 5 - dong-ho-va-trang-suc
[2025-03-07T22:12:36.928+0000] {crawl_data.py:111} INFO - Extracted page 1 - dien-tu-dien-lanh
[2025-03-07T22:12:38.948+0000] {crawl_data.py:111} INFO - Extracted page 2 - dien-tu-dien-lanh
[2025-03-07T22:12:41.667+0000] {crawl_data.py:111} INFO - Extracted page 3 - dien-tu-dien-lanh
[2025-03-07T22:12:45.005+0000] {crawl_data.py:111} INFO - Extracted page 4 - dien-tu-dien-lanh
[2025-03-07T22:12:46.700+0000] {crawl_data.py:111} INFO - Extracted page 5 - dien-tu-dien-lanh
[2025-03-07T22:12:50.906+0000] {taskinstance.py:3313} ERROR - Task failed with exception
Traceback (most recent call last):
  File "/home/airflow/.local/lib/python3.12/site-packages/google/cloud/storage/blob.py", line 2700, in _prep_and_do_upload
    created_json = self._do_upload(
                   ^^^^^^^^^^^^^^^^
  File "/home/airflow/.local/lib/python3.12/site-packages/google/cloud/storage/blob.py", line 2506, in _do_upload
    response = self._do_multipart_upload(
               ^^^^^^^^^^^^^^^^^^^^^^^^^^
  File "/home/airflow/.local/lib/python3.12/site-packages/google/cloud/storage/blob.py", line 2007, in _do_multipart_upload
    response = upload.transmit(
               ^^^^^^^^^^^^^^^^
  File "/home/airflow/.local/lib/python3.12/site-packages/google/resumable_media/requests/upload.py", line 153, in transmit
    return _request_helpers.wait_and_retry(
           ^^^^^^^^^^^^^^^^^^^^^^^^^^^^^^^^
  File "/home/airflow/.local/lib/python3.12/site-packages/google/resumable_media/requests/_request_helpers.py", line 155, in wait_and_retry
    response = func()
               ^^^^^^
  File "/home/airflow/.local/lib/python3.12/site-packages/google/resumable_media/requests/upload.py", line 149, in retriable_request
    self._process_response(result)
  File "/home/airflow/.local/lib/python3.12/site-packages/google/resumable_media/_upload.py", line 125, in _process_response
    _helpers.require_status_code(response, (http.client.OK,), self._get_status_code)
  File "/home/airflow/.local/lib/python3.12/site-packages/google/resumable_media/_helpers.py", line 108, in require_status_code
    raise common.InvalidResponse(
google.resumable_media.common.InvalidResponse: ('Request failed with status code', 403, 'Expected one of', 200)

During handling of the above exception, another exception occurred:

Traceback (most recent call last):
  File "/home/airflow/.local/lib/python3.12/site-packages/airflow/models/taskinstance.py", line 768, in _execute_task
    result = _execute_callable(context=context, **execute_callable_kwargs)
             ^^^^^^^^^^^^^^^^^^^^^^^^^^^^^^^^^^^^^^^^^^^^^^^^^^^^^^^^^^^^^
  File "/home/airflow/.local/lib/python3.12/site-packages/airflow/models/taskinstance.py", line 734, in _execute_callable
    return ExecutionCallableRunner(
           ^^^^^^^^^^^^^^^^^^^^^^^^
  File "/home/airflow/.local/lib/python3.12/site-packages/airflow/utils/operator_helpers.py", line 252, in run
    return self.func(*args, **kwargs)
           ^^^^^^^^^^^^^^^^^^^^^^^^^^
  File "/home/airflow/.local/lib/python3.12/site-packages/airflow/models/baseoperator.py", line 424, in wrapper
    return func(self, *args, **kwargs)
           ^^^^^^^^^^^^^^^^^^^^^^^^^^^
  File "/home/airflow/.local/lib/python3.12/site-packages/airflow/operators/python.py", line 238, in execute
    return_value = self.execute_callable()
                   ^^^^^^^^^^^^^^^^^^^^^^^
  File "/home/airflow/.local/lib/python3.12/site-packages/airflow/operators/python.py", line 256, in execute_callable
    return runner.run(*self.op_args, **self.op_kwargs)
           ^^^^^^^^^^^^^^^^^^^^^^^^^^^^^^^^^^^^^^^^^^^
  File "/home/airflow/.local/lib/python3.12/site-packages/airflow/utils/operator_helpers.py", line 252, in run
    return self.func(*args, **kwargs)
           ^^^^^^^^^^^^^^^^^^^^^^^^^^
  File "/opt/airflow/dags/scripts/crawl_data.py", line 122, in extract_data
    blob.upload_from_string(json.dumps(all_raw_data))
  File "/usr/local/lib/python3.12/contextlib.py", line 81, in inner
    return func(*args, **kwds)
           ^^^^^^^^^^^^^^^^^^^
  File "/home/airflow/.local/lib/python3.12/site-packages/google/cloud/storage/blob.py", line 3128, in upload_from_string
    self.upload_from_file(
  File "/usr/local/lib/python3.12/contextlib.py", line 81, in inner
    return func(*args, **kwds)
           ^^^^^^^^^^^^^^^^^^^
  File "/home/airflow/.local/lib/python3.12/site-packages/google/cloud/storage/blob.py", line 2851, in upload_from_file
    self._prep_and_do_upload(
  File "/home/airflow/.local/lib/python3.12/site-packages/google/cloud/storage/blob.py", line 2718, in _prep_and_do_upload
    _raise_from_invalid_response(exc)
  File "/home/airflow/.local/lib/python3.12/site-packages/google/cloud/storage/blob.py", line 4908, in _raise_from_invalid_response
    raise exceptions.from_http_status(response.status_code, message, response=response)
google.api_core.exceptions.Forbidden: 403 POST https://storage.googleapis.com/upload/storage/v1/b/your-gcs-bucket-name/o?uploadType=multipart: {
  "error": {
    "code": 403,
    "message": "The billing account for the owning project is disabled in state closed",
    "errors": [
      {
        "message": "The billing account for the owning project is disabled in state closed",
        "domain": "global",
        "reason": "accountDisabled",
        "locationType": "header",
        "location": "Authorization"
      }
    ]
  }
}
: ('Request failed with status code', 403, 'Expected one of', <HTTPStatus.OK: 200>)
[2025-03-07T22:12:50.943+0000] {logging_mixin.py:190} INFO - Task instance in failure state
[2025-03-07T22:12:50.944+0000] {logging_mixin.py:190} INFO - Task start:2025-03-07 22:10:53.759075+00:00 end:2025-03-07 22:12:50.942182+00:00 duration:117.183107
[2025-03-07T22:12:50.944+0000] {logging_mixin.py:190} INFO - Task:<Task(PythonOperator): extract_data> dag:<DAG: tiki_extract_dag> dagrun:<DagRun tiki_extract_dag @ 2025-03-07 22:10:51.311791+00:00: manual__2025-03-07T22:10:51.311791+00:00, state:running, queued_at: 2025-03-07 22:10:51.371108+00:00. externally triggered: True>
[2025-03-07T22:12:50.945+0000] {logging_mixin.py:190} INFO - Failure caused by 403 POST https://storage.googleapis.com/upload/storage/v1/b/your-gcs-bucket-name/o?uploadType=multipart: {
  "error": {
    "code": 403,
    "message": "The billing account for the owning project is disabled in state closed",
    "errors": [
      {
        "message": "The billing account for the owning project is disabled in state closed",
        "domain": "global",
        "reason": "accountDisabled",
        "locationType": "header",
        "location": "Authorization"
      }
    ]
  }
}
: ('Request failed with status code', 403, 'Expected one of', <HTTPStatus.OK: 200>)
[2025-03-07T22:12:50.946+0000] {taskinstance.py:1226} INFO - Marking task as FAILED. dag_id=tiki_extract_dag, task_id=extract_data, run_id=manual__2025-03-07T22:10:51.311791+00:00, execution_date=20250307T221051, start_date=20250307T221053, end_date=20250307T221250
[2025-03-07T22:12:50.994+0000] {taskinstance.py:341} INFO - ::group::Post task execution logs
[2025-03-07T22:12:50.995+0000] {standard_task_runner.py:124} ERROR - Failed to execute job 31 for task extract_data (403 POST https://storage.googleapis.com/upload/storage/v1/b/your-gcs-bucket-name/o?uploadType=multipart: {
  "error": {
    "code": 403,
    "message": "The billing account for the owning project is disabled in state closed",
    "errors": [
      {
        "message": "The billing account for the owning project is disabled in state closed",
        "domain": "global",
        "reason": "accountDisabled",
        "locationType": "header",
        "location": "Authorization"
      }
    ]
  }
}
: ('Request failed with status code', 403, 'Expected one of', <HTTPStatus.OK: 200>); 92)
Traceback (most recent call last):
  File "/home/airflow/.local/lib/python3.12/site-packages/google/cloud/storage/blob.py", line 2700, in _prep_and_do_upload
    created_json = self._do_upload(
                   ^^^^^^^^^^^^^^^^
  File "/home/airflow/.local/lib/python3.12/site-packages/google/cloud/storage/blob.py", line 2506, in _do_upload
    response = self._do_multipart_upload(
               ^^^^^^^^^^^^^^^^^^^^^^^^^^
  File "/home/airflow/.local/lib/python3.12/site-packages/google/cloud/storage/blob.py", line 2007, in _do_multipart_upload
    response = upload.transmit(
               ^^^^^^^^^^^^^^^^
  File "/home/airflow/.local/lib/python3.12/site-packages/google/resumable_media/requests/upload.py", line 153, in transmit
    return _request_helpers.wait_and_retry(
           ^^^^^^^^^^^^^^^^^^^^^^^^^^^^^^^^
  File "/home/airflow/.local/lib/python3.12/site-packages/google/resumable_media/requests/_request_helpers.py", line 155, in wait_and_retry
    response = func()
               ^^^^^^
  File "/home/airflow/.local/lib/python3.12/site-packages/google/resumable_media/requests/upload.py", line 149, in retriable_request
    self._process_response(result)
  File "/home/airflow/.local/lib/python3.12/site-packages/google/resumable_media/_upload.py", line 125, in _process_response
    _helpers.require_status_code(response, (http.client.OK,), self._get_status_code)
  File "/home/airflow/.local/lib/python3.12/site-packages/google/resumable_media/_helpers.py", line 108, in require_status_code
    raise common.InvalidResponse(
google.resumable_media.common.InvalidResponse: ('Request failed with status code', 403, 'Expected one of', 200)

During handling of the above exception, another exception occurred:

Traceback (most recent call last):
  File "/home/airflow/.local/lib/python3.12/site-packages/airflow/task/task_runner/standard_task_runner.py", line 117, in _start_by_fork
    ret = args.func(args, dag=self.dag)
          ^^^^^^^^^^^^^^^^^^^^^^^^^^^^^
  File "/home/airflow/.local/lib/python3.12/site-packages/airflow/cli/cli_config.py", line 49, in command
    return func(*args, **kwargs)
           ^^^^^^^^^^^^^^^^^^^^^
  File "/home/airflow/.local/lib/python3.12/site-packages/airflow/utils/cli.py", line 116, in wrapper
    return f(*args, **kwargs)
           ^^^^^^^^^^^^^^^^^^
  File "/home/airflow/.local/lib/python3.12/site-packages/airflow/cli/commands/task_command.py", line 483, in task_run
    task_return_code = _run_task_by_selected_method(args, _dag, ti)
                       ^^^^^^^^^^^^^^^^^^^^^^^^^^^^^^^^^^^^^^^^^^^^
  File "/home/airflow/.local/lib/python3.12/site-packages/airflow/cli/commands/task_command.py", line 256, in _run_task_by_selected_method
    return _run_raw_task(args, ti)
           ^^^^^^^^^^^^^^^^^^^^^^^
  File "/home/airflow/.local/lib/python3.12/site-packages/airflow/cli/commands/task_command.py", line 341, in _run_raw_task
    return ti._run_raw_task(
           ^^^^^^^^^^^^^^^^^
  File "/home/airflow/.local/lib/python3.12/site-packages/airflow/utils/session.py", line 97, in wrapper
    return func(*args, session=session, **kwargs)
           ^^^^^^^^^^^^^^^^^^^^^^^^^^^^^^^^^^^^^^
  File "/home/airflow/.local/lib/python3.12/site-packages/airflow/models/taskinstance.py", line 3006, in _run_raw_task
    return _run_raw_task(
           ^^^^^^^^^^^^^^
  File "/home/airflow/.local/lib/python3.12/site-packages/airflow/models/taskinstance.py", line 274, in _run_raw_task
    TaskInstance._execute_task_with_callbacks(
  File "/home/airflow/.local/lib/python3.12/site-packages/airflow/models/taskinstance.py", line 3161, in _execute_task_with_callbacks
    result = self._execute_task(context, task_orig)
             ^^^^^^^^^^^^^^^^^^^^^^^^^^^^^^^^^^^^^^
  File "/home/airflow/.local/lib/python3.12/site-packages/airflow/models/taskinstance.py", line 3185, in _execute_task
    return _execute_task(self, context, task_orig)
           ^^^^^^^^^^^^^^^^^^^^^^^^^^^^^^^^^^^^^^^
  File "/home/airflow/.local/lib/python3.12/site-packages/airflow/models/taskinstance.py", line 768, in _execute_task
    result = _execute_callable(context=context, **execute_callable_kwargs)
             ^^^^^^^^^^^^^^^^^^^^^^^^^^^^^^^^^^^^^^^^^^^^^^^^^^^^^^^^^^^^^
  File "/home/airflow/.local/lib/python3.12/site-packages/airflow/models/taskinstance.py", line 734, in _execute_callable
    return ExecutionCallableRunner(
           ^^^^^^^^^^^^^^^^^^^^^^^^
  File "/home/airflow/.local/lib/python3.12/site-packages/airflow/utils/operator_helpers.py", line 252, in run
    return self.func(*args, **kwargs)
           ^^^^^^^^^^^^^^^^^^^^^^^^^^
  File "/home/airflow/.local/lib/python3.12/site-packages/airflow/models/baseoperator.py", line 424, in wrapper
    return func(self, *args, **kwargs)
           ^^^^^^^^^^^^^^^^^^^^^^^^^^^
  File "/home/airflow/.local/lib/python3.12/site-packages/airflow/operators/python.py", line 238, in execute
    return_value = self.execute_callable()
                   ^^^^^^^^^^^^^^^^^^^^^^^
  File "/home/airflow/.local/lib/python3.12/site-packages/airflow/operators/python.py", line 256, in execute_callable
    return runner.run(*self.op_args, **self.op_kwargs)
           ^^^^^^^^^^^^^^^^^^^^^^^^^^^^^^^^^^^^^^^^^^^
  File "/home/airflow/.local/lib/python3.12/site-packages/airflow/utils/operator_helpers.py", line 252, in run
    return self.func(*args, **kwargs)
           ^^^^^^^^^^^^^^^^^^^^^^^^^^
  File "/opt/airflow/dags/scripts/crawl_data.py", line 122, in extract_data
    blob.upload_from_string(json.dumps(all_raw_data))
  File "/usr/local/lib/python3.12/contextlib.py", line 81, in inner
    return func(*args, **kwds)
           ^^^^^^^^^^^^^^^^^^^
  File "/home/airflow/.local/lib/python3.12/site-packages/google/cloud/storage/blob.py", line 3128, in upload_from_string
    self.upload_from_file(
  File "/usr/local/lib/python3.12/contextlib.py", line 81, in inner
    return func(*args, **kwds)
           ^^^^^^^^^^^^^^^^^^^
  File "/home/airflow/.local/lib/python3.12/site-packages/google/cloud/storage/blob.py", line 2851, in upload_from_file
    self._prep_and_do_upload(
  File "/home/airflow/.local/lib/python3.12/site-packages/google/cloud/storage/blob.py", line 2718, in _prep_and_do_upload
    _raise_from_invalid_response(exc)
  File "/home/airflow/.local/lib/python3.12/site-packages/google/cloud/storage/blob.py", line 4908, in _raise_from_invalid_response
    raise exceptions.from_http_status(response.status_code, message, response=response)
google.api_core.exceptions.Forbidden: 403 POST https://storage.googleapis.com/upload/storage/v1/b/your-gcs-bucket-name/o?uploadType=multipart: {
  "error": {
    "code": 403,
    "message": "The billing account for the owning project is disabled in state closed",
    "errors": [
      {
        "message": "The billing account for the owning project is disabled in state closed",
        "domain": "global",
        "reason": "accountDisabled",
        "locationType": "header",
        "location": "Authorization"
      }
    ]
  }
}
: ('Request failed with status code', 403, 'Expected one of', <HTTPStatus.OK: 200>)
[2025-03-07T22:12:51.064+0000] {local_task_job_runner.py:266} INFO - Task exited with return code 1
[2025-03-07T22:12:51.089+0000] {taskinstance.py:3901} INFO - 0 downstream tasks scheduled from follow-on schedule check
[2025-03-07T22:12:51.093+0000] {local_task_job_runner.py:245} INFO - ::endgroup::
