[2025-03-12T07:41:00.146+0000] {local_task_job_runner.py:123} INFO - ::group::Pre task execution logs
[2025-03-12T07:41:00.193+0000] {taskinstance.py:2614} INFO - Dependencies all met for dep_context=non-requeueable deps ti=<TaskInstance: tiki_extract_dag.extract_dien-gia-dung manual__2025-03-12T07:40:49.551946+00:00 [queued]>
[2025-03-12T07:41:00.212+0000] {taskinstance.py:2614} INFO - Dependencies all met for dep_context=requeueable deps ti=<TaskInstance: tiki_extract_dag.extract_dien-gia-dung manual__2025-03-12T07:40:49.551946+00:00 [queued]>
[2025-03-12T07:41:00.214+0000] {taskinstance.py:2867} INFO - Starting attempt 1 of 4
[2025-03-12T07:41:00.259+0000] {taskinstance.py:2890} INFO - Executing <Task(PythonOperator): extract_dien-gia-dung> on 2025-03-12 07:40:49.551946+00:00
[2025-03-12T07:41:00.281+0000] {warnings.py:112} WARNING - /home/***/.local/lib/python3.12/site-packages/***/task/task_runner/standard_task_runner.py:70: DeprecationWarning: This process (pid=457) is multi-threaded, use of fork() may lead to deadlocks in the child.
  pid = os.fork()

[2025-03-12T07:41:00.284+0000] {standard_task_runner.py:72} INFO - Started process 480 to run task
[2025-03-12T07:41:00.294+0000] {standard_task_runner.py:104} INFO - Running: ['***', 'tasks', 'run', 'tiki_extract_dag', 'extract_dien-gia-dung', 'manual__2025-03-12T07:40:49.551946+00:00', '--job-id', '686', '--raw', '--subdir', 'DAGS_FOLDER/tiki_extract_dag.py', '--cfg-path', '/tmp/tmpj7bya2y3']
[2025-03-12T07:41:00.313+0000] {standard_task_runner.py:105} INFO - Job 686: Subtask extract_dien-gia-dung
[2025-03-12T07:41:00.558+0000] {task_command.py:467} INFO - Running <TaskInstance: tiki_extract_dag.extract_dien-gia-dung manual__2025-03-12T07:40:49.551946+00:00 [running]> on host 3905098656d4
[2025-03-12T07:41:04.269+0000] {taskinstance.py:3134} INFO - Exporting env vars: AIRFLOW_CTX_DAG_OWNER='***' AIRFLOW_CTX_DAG_ID='tiki_extract_dag' AIRFLOW_CTX_TASK_ID='extract_dien-gia-dung' AIRFLOW_CTX_EXECUTION_DATE='2025-03-12T07:40:49.551946+00:00' AIRFLOW_CTX_TRY_NUMBER='1' AIRFLOW_CTX_DAG_RUN_ID='manual__2025-03-12T07:40:49.551946+00:00'
[2025-03-12T07:41:04.279+0000] {logging_mixin.py:190} INFO - Task instance is in running state
[2025-03-12T07:41:04.281+0000] {logging_mixin.py:190} INFO -  Previous state of the Task instance: queued
[2025-03-12T07:41:04.285+0000] {logging_mixin.py:190} INFO - Current task name:extract_dien-gia-dung state:running start_date:2025-03-12 07:41:00.195105+00:00
[2025-03-12T07:41:04.287+0000] {logging_mixin.py:190} INFO - Dag name:tiki_extract_dag and current dag run status:running
[2025-03-12T07:41:04.289+0000] {taskinstance.py:732} INFO - ::endgroup::
[2025-03-12T07:41:05.141+0000] {tiki_extract_dag.py:122} INFO - Starting crawl for category dien-gia-dung
[2025-03-12T07:41:05.822+0000] {tiki_extract_dag.py:129} INFO - Total pages for dien-gia-dung: 50
[2025-03-12T07:41:07.694+0000] {tiki_extract_dag.py:155} INFO - Extracted page 2/50 - dien-gia-dung, total items: 80
[2025-03-12T07:41:46.193+0000] {job.py:229} INFO - Heartbeat recovered after 35.75 seconds
[2025-03-12T07:41:46.843+0000] {tiki_extract_dag.py:155} INFO - Extracted page 3/50 - dien-gia-dung, total items: 120
[2025-03-12T07:41:53.184+0000] {tiki_extract_dag.py:155} INFO - Extracted page 4/50 - dien-gia-dung, total items: 160
[2025-03-12T07:42:03.370+0000] {tiki_extract_dag.py:155} INFO - Extracted page 5/50 - dien-gia-dung, total items: 200
[2025-03-12T07:42:12.712+0000] {tiki_extract_dag.py:155} INFO - Extracted page 6/50 - dien-gia-dung, total items: 240
[2025-03-12T07:42:20.757+0000] {tiki_extract_dag.py:155} INFO - Extracted page 7/50 - dien-gia-dung, total items: 280
[2025-03-12T07:42:29.782+0000] {tiki_extract_dag.py:155} INFO - Extracted page 8/50 - dien-gia-dung, total items: 320
[2025-03-12T07:42:35.338+0000] {tiki_extract_dag.py:155} INFO - Extracted page 9/50 - dien-gia-dung, total items: 360
[2025-03-12T07:42:43.361+0000] {tiki_extract_dag.py:155} INFO - Extracted page 10/50 - dien-gia-dung, total items: 400
[2025-03-12T07:42:51.973+0000] {tiki_extract_dag.py:155} INFO - Extracted page 11/50 - dien-gia-dung, total items: 440
[2025-03-12T07:42:59.552+0000] {tiki_extract_dag.py:155} INFO - Extracted page 12/50 - dien-gia-dung, total items: 480
[2025-03-12T07:43:08.390+0000] {tiki_extract_dag.py:155} INFO - Extracted page 13/50 - dien-gia-dung, total items: 520
[2025-03-12T07:43:18.804+0000] {tiki_extract_dag.py:155} INFO - Extracted page 14/50 - dien-gia-dung, total items: 560
[2025-03-12T07:43:27.838+0000] {tiki_extract_dag.py:155} INFO - Extracted page 15/50 - dien-gia-dung, total items: 600
[2025-03-12T07:43:37.841+0000] {tiki_extract_dag.py:155} INFO - Extracted page 16/50 - dien-gia-dung, total items: 640
[2025-03-12T07:43:44.278+0000] {tiki_extract_dag.py:155} INFO - Extracted page 17/50 - dien-gia-dung, total items: 680
[2025-03-12T07:43:52.190+0000] {tiki_extract_dag.py:155} INFO - Extracted page 18/50 - dien-gia-dung, total items: 720
[2025-03-12T07:43:58.286+0000] {tiki_extract_dag.py:155} INFO - Extracted page 19/50 - dien-gia-dung, total items: 760
[2025-03-12T07:44:07.148+0000] {tiki_extract_dag.py:155} INFO - Extracted page 20/50 - dien-gia-dung, total items: 800
[2025-03-12T07:44:15.621+0000] {tiki_extract_dag.py:155} INFO - Extracted page 21/50 - dien-gia-dung, total items: 840
[2025-03-12T07:44:25.930+0000] {tiki_extract_dag.py:155} INFO - Extracted page 22/50 - dien-gia-dung, total items: 880
[2025-03-12T07:44:36.185+0000] {tiki_extract_dag.py:155} INFO - Extracted page 23/50 - dien-gia-dung, total items: 920
[2025-03-12T07:44:46.492+0000] {tiki_extract_dag.py:155} INFO - Extracted page 24/50 - dien-gia-dung, total items: 960
[2025-03-12T07:44:52.352+0000] {tiki_extract_dag.py:155} INFO - Extracted page 25/50 - dien-gia-dung, total items: 1000
[2025-03-12T07:44:58.674+0000] {tiki_extract_dag.py:155} INFO - Extracted page 26/50 - dien-gia-dung, total items: 1040
[2025-03-12T07:45:08.421+0000] {tiki_extract_dag.py:155} INFO - Extracted page 27/50 - dien-gia-dung, total items: 1080
[2025-03-12T07:45:17.824+0000] {tiki_extract_dag.py:155} INFO - Extracted page 28/50 - dien-gia-dung, total items: 1120
[2025-03-12T07:45:25.119+0000] {tiki_extract_dag.py:155} INFO - Extracted page 29/50 - dien-gia-dung, total items: 1160
[2025-03-12T07:45:33.780+0000] {tiki_extract_dag.py:155} INFO - Extracted page 30/50 - dien-gia-dung, total items: 1200
[2025-03-12T07:45:41.713+0000] {tiki_extract_dag.py:155} INFO - Extracted page 31/50 - dien-gia-dung, total items: 1240
[2025-03-12T07:45:51.584+0000] {tiki_extract_dag.py:155} INFO - Extracted page 32/50 - dien-gia-dung, total items: 1280
[2025-03-12T07:46:00.470+0000] {tiki_extract_dag.py:155} INFO - Extracted page 33/50 - dien-gia-dung, total items: 1320
[2025-03-12T07:46:06.660+0000] {tiki_extract_dag.py:155} INFO - Extracted page 34/50 - dien-gia-dung, total items: 1360
[2025-03-12T07:46:12.466+0000] {tiki_extract_dag.py:155} INFO - Extracted page 35/50 - dien-gia-dung, total items: 1400
[2025-03-12T07:46:22.866+0000] {tiki_extract_dag.py:155} INFO - Extracted page 36/50 - dien-gia-dung, total items: 1440
[2025-03-12T07:46:32.113+0000] {tiki_extract_dag.py:155} INFO - Extracted page 37/50 - dien-gia-dung, total items: 1480
[2025-03-12T07:46:41.292+0000] {tiki_extract_dag.py:155} INFO - Extracted page 38/50 - dien-gia-dung, total items: 1520
[2025-03-12T07:46:51.535+0000] {tiki_extract_dag.py:155} INFO - Extracted page 39/50 - dien-gia-dung, total items: 1560
[2025-03-12T07:47:01.097+0000] {tiki_extract_dag.py:155} INFO - Extracted page 40/50 - dien-gia-dung, total items: 1600
[2025-03-12T07:47:08.342+0000] {tiki_extract_dag.py:155} INFO - Extracted page 41/50 - dien-gia-dung, total items: 1640
[2025-03-12T07:47:29.203+0000] {job.py:229} INFO - Heartbeat recovered after 19.05 seconds
[2025-03-12T07:47:30.254+0000] {tiki_extract_dag.py:155} INFO - Extracted page 42/50 - dien-gia-dung, total items: 1680
[2025-03-12T07:47:37.298+0000] {tiki_extract_dag.py:155} INFO - Extracted page 43/50 - dien-gia-dung, total items: 1720
[2025-03-12T07:47:46.492+0000] {tiki_extract_dag.py:155} INFO - Extracted page 44/50 - dien-gia-dung, total items: 1760
[2025-03-12T07:47:55.116+0000] {tiki_extract_dag.py:155} INFO - Extracted page 45/50 - dien-gia-dung, total items: 1800
[2025-03-12T07:48:04.330+0000] {tiki_extract_dag.py:155} INFO - Extracted page 46/50 - dien-gia-dung, total items: 1840
[2025-03-12T07:48:12.731+0000] {tiki_extract_dag.py:155} INFO - Extracted page 47/50 - dien-gia-dung, total items: 1880
[2025-03-12T07:48:20.729+0000] {tiki_extract_dag.py:155} INFO - Extracted page 48/50 - dien-gia-dung, total items: 1920
[2025-03-12T07:48:30.415+0000] {tiki_extract_dag.py:155} INFO - Extracted page 49/50 - dien-gia-dung, total items: 1960
[2025-03-12T07:48:37.903+0000] {tiki_extract_dag.py:155} INFO - Extracted page 50/50 - dien-gia-dung, total items: 2000
[2025-03-12T07:49:00.017+0000] {taskinstance.py:3313} ERROR - Task failed with exception
Traceback (most recent call last):
  File "/home/airflow/.local/lib/python3.12/site-packages/urllib3/connectionpool.py", line 787, in urlopen
    response = self._make_request(
               ^^^^^^^^^^^^^^^^^^^
  File "/home/airflow/.local/lib/python3.12/site-packages/urllib3/connectionpool.py", line 534, in _make_request
    response = conn.getresponse()
               ^^^^^^^^^^^^^^^^^^
  File "/home/airflow/.local/lib/python3.12/site-packages/urllib3/connection.py", line 516, in getresponse
    httplib_response = super().getresponse()
                       ^^^^^^^^^^^^^^^^^^^^^
  File "/usr/local/lib/python3.12/http/client.py", line 1430, in getresponse
    response.begin()
  File "/usr/local/lib/python3.12/http/client.py", line 331, in begin
    version, status, reason = self._read_status()
                              ^^^^^^^^^^^^^^^^^^^
  File "/usr/local/lib/python3.12/http/client.py", line 300, in _read_status
    raise RemoteDisconnected("Remote end closed connection without"
http.client.RemoteDisconnected: Remote end closed connection without response

During handling of the above exception, another exception occurred:

Traceback (most recent call last):
  File "/home/airflow/.local/lib/python3.12/site-packages/requests/adapters.py", line 667, in send
    resp = conn.urlopen(
           ^^^^^^^^^^^^^
  File "/home/airflow/.local/lib/python3.12/site-packages/urllib3/connectionpool.py", line 841, in urlopen
    retries = retries.increment(
              ^^^^^^^^^^^^^^^^^^
  File "/home/airflow/.local/lib/python3.12/site-packages/urllib3/util/retry.py", line 474, in increment
    raise reraise(type(error), error, _stacktrace)
          ^^^^^^^^^^^^^^^^^^^^^^^^^^^^^^^^^^^^^^^^
  File "/home/airflow/.local/lib/python3.12/site-packages/urllib3/util/util.py", line 38, in reraise
    raise value.with_traceback(tb)
  File "/home/airflow/.local/lib/python3.12/site-packages/urllib3/connectionpool.py", line 787, in urlopen
    response = self._make_request(
               ^^^^^^^^^^^^^^^^^^^
  File "/home/airflow/.local/lib/python3.12/site-packages/urllib3/connectionpool.py", line 534, in _make_request
    response = conn.getresponse()
               ^^^^^^^^^^^^^^^^^^
  File "/home/airflow/.local/lib/python3.12/site-packages/urllib3/connection.py", line 516, in getresponse
    httplib_response = super().getresponse()
                       ^^^^^^^^^^^^^^^^^^^^^
  File "/usr/local/lib/python3.12/http/client.py", line 1430, in getresponse
    response.begin()
  File "/usr/local/lib/python3.12/http/client.py", line 331, in begin
    version, status, reason = self._read_status()
                              ^^^^^^^^^^^^^^^^^^^
  File "/usr/local/lib/python3.12/http/client.py", line 300, in _read_status
    raise RemoteDisconnected("Remote end closed connection without"
urllib3.exceptions.ProtocolError: ('Connection aborted.', RemoteDisconnected('Remote end closed connection without response'))

During handling of the above exception, another exception occurred:

Traceback (most recent call last):
  File "/home/airflow/.local/lib/python3.12/site-packages/google/auth/transport/requests.py", line 186, in __call__
    response = self.session.request(
               ^^^^^^^^^^^^^^^^^^^^^
  File "/home/airflow/.local/lib/python3.12/site-packages/requests/sessions.py", line 589, in request
    resp = self.send(prep, **send_kwargs)
           ^^^^^^^^^^^^^^^^^^^^^^^^^^^^^^
  File "/home/airflow/.local/lib/python3.12/site-packages/requests/sessions.py", line 703, in send
    r = adapter.send(request, **kwargs)
        ^^^^^^^^^^^^^^^^^^^^^^^^^^^^^^^
  File "/home/airflow/.local/lib/python3.12/site-packages/requests/adapters.py", line 682, in send
    raise ConnectionError(err, request=request)
requests.exceptions.ConnectionError: ('Connection aborted.', RemoteDisconnected('Remote end closed connection without response'))

The above exception was the direct cause of the following exception:

Traceback (most recent call last):
  File "/home/airflow/.local/lib/python3.12/site-packages/airflow/models/taskinstance.py", line 768, in _execute_task
    result = _execute_callable(context=context, **execute_callable_kwargs)
             ^^^^^^^^^^^^^^^^^^^^^^^^^^^^^^^^^^^^^^^^^^^^^^^^^^^^^^^^^^^^^
  File "/home/airflow/.local/lib/python3.12/site-packages/airflow/models/taskinstance.py", line 734, in _execute_callable
    return ExecutionCallableRunner(
           ^^^^^^^^^^^^^^^^^^^^^^^^
  File "/home/airflow/.local/lib/python3.12/site-packages/airflow/utils/operator_helpers.py", line 252, in run
    return self.func(*args, **kwargs)
           ^^^^^^^^^^^^^^^^^^^^^^^^^^
  File "/home/airflow/.local/lib/python3.12/site-packages/airflow/models/baseoperator.py", line 424, in wrapper
    return func(self, *args, **kwargs)
           ^^^^^^^^^^^^^^^^^^^^^^^^^^^
  File "/home/airflow/.local/lib/python3.12/site-packages/airflow/operators/python.py", line 238, in execute
    return_value = self.execute_callable()
                   ^^^^^^^^^^^^^^^^^^^^^^^
  File "/home/airflow/.local/lib/python3.12/site-packages/airflow/operators/python.py", line 256, in execute_callable
    return runner.run(*self.op_args, **self.op_kwargs)
           ^^^^^^^^^^^^^^^^^^^^^^^^^^^^^^^^^^^^^^^^^^^
  File "/home/airflow/.local/lib/python3.12/site-packages/airflow/utils/operator_helpers.py", line 252, in run
    return self.func(*args, **kwargs)
           ^^^^^^^^^^^^^^^^^^^^^^^^^^
  File "/opt/airflow/dags/tiki_extract_dag.py", line 170, in extract_category_data
    blob.upload_from_string(json.dumps(all_raw_data), content_type='application/json')
  File "/usr/local/lib/python3.12/contextlib.py", line 81, in inner
    return func(*args, **kwds)
           ^^^^^^^^^^^^^^^^^^^
  File "/home/airflow/.local/lib/python3.12/site-packages/google/cloud/storage/blob.py", line 3128, in upload_from_string
    self.upload_from_file(
  File "/usr/local/lib/python3.12/contextlib.py", line 81, in inner
    return func(*args, **kwds)
           ^^^^^^^^^^^^^^^^^^^
  File "/home/airflow/.local/lib/python3.12/site-packages/google/cloud/storage/blob.py", line 2851, in upload_from_file
    self._prep_and_do_upload(
  File "/home/airflow/.local/lib/python3.12/site-packages/google/cloud/storage/blob.py", line 2700, in _prep_and_do_upload
    created_json = self._do_upload(
                   ^^^^^^^^^^^^^^^^
  File "/home/airflow/.local/lib/python3.12/site-packages/google/cloud/storage/blob.py", line 2506, in _do_upload
    response = self._do_multipart_upload(
               ^^^^^^^^^^^^^^^^^^^^^^^^^^
  File "/home/airflow/.local/lib/python3.12/site-packages/google/cloud/storage/blob.py", line 2007, in _do_multipart_upload
    response = upload.transmit(
               ^^^^^^^^^^^^^^^^
  File "/home/airflow/.local/lib/python3.12/site-packages/google/resumable_media/requests/upload.py", line 153, in transmit
    return _request_helpers.wait_and_retry(
           ^^^^^^^^^^^^^^^^^^^^^^^^^^^^^^^^
  File "/home/airflow/.local/lib/python3.12/site-packages/google/resumable_media/requests/_request_helpers.py", line 155, in wait_and_retry
    response = func()
               ^^^^^^
  File "/home/airflow/.local/lib/python3.12/site-packages/google/resumable_media/requests/upload.py", line 145, in retriable_request
    result = transport.request(
             ^^^^^^^^^^^^^^^^^^
  File "/home/airflow/.local/lib/python3.12/site-packages/google/auth/transport/requests.py", line 533, in request
    self.credentials.before_request(auth_request, method, url, request_headers)
  File "/home/airflow/.local/lib/python3.12/site-packages/google/auth/credentials.py", line 239, in before_request
    self._blocking_refresh(request)
  File "/home/airflow/.local/lib/python3.12/site-packages/google/auth/credentials.py", line 202, in _blocking_refresh
    self.refresh(request)
  File "/home/airflow/.local/lib/python3.12/site-packages/google/oauth2/service_account.py", line 448, in refresh
    access_token, expiry, _ = _client.jwt_grant(
                              ^^^^^^^^^^^^^^^^^^
  File "/home/airflow/.local/lib/python3.12/site-packages/google/oauth2/_client.py", line 299, in jwt_grant
    response_data = _token_endpoint_request(
                    ^^^^^^^^^^^^^^^^^^^^^^^^
  File "/home/airflow/.local/lib/python3.12/site-packages/google/oauth2/_client.py", line 259, in _token_endpoint_request
    response_status_ok, response_data, retryable_error = _token_endpoint_request_no_throw(
                                                         ^^^^^^^^^^^^^^^^^^^^^^^^^^^^^^^^^
  File "/home/airflow/.local/lib/python3.12/site-packages/google/oauth2/_client.py", line 192, in _token_endpoint_request_no_throw
    response = request(
               ^^^^^^^^
  File "/home/airflow/.local/lib/python3.12/site-packages/google/auth/transport/requests.py", line 192, in __call__
    raise new_exc from caught_exc
google.auth.exceptions.TransportError: ('Connection aborted.', RemoteDisconnected('Remote end closed connection without response'))
[2025-03-12T07:49:00.112+0000] {logging_mixin.py:190} INFO - Task instance in failure state
[2025-03-12T07:49:00.113+0000] {logging_mixin.py:190} INFO - Task start:2025-03-12 07:41:00.195105+00:00 end:2025-03-12 07:49:00.108867+00:00 duration:479.913762
[2025-03-12T07:49:00.114+0000] {logging_mixin.py:190} INFO - Task:<Task(PythonOperator): extract_dien-gia-dung> dag:<DAG: tiki_extract_dag> dagrun:<DagRun tiki_extract_dag @ 2025-03-12 07:40:49.551946+00:00: manual__2025-03-12T07:40:49.551946+00:00, state:running, queued_at: 2025-03-12 07:40:49.590021+00:00. externally triggered: True>
[2025-03-12T07:49:00.115+0000] {logging_mixin.py:190} INFO - Failure caused by ('Connection aborted.', RemoteDisconnected('Remote end closed connection without response'))
[2025-03-12T07:49:00.116+0000] {taskinstance.py:1226} INFO - Marking task as UP_FOR_RETRY. dag_id=tiki_extract_dag, task_id=extract_dien-gia-dung, run_id=manual__2025-03-12T07:40:49.551946+00:00, execution_date=20250312T074049, start_date=20250312T074100, end_date=20250312T074900
[2025-03-12T07:49:00.187+0000] {taskinstance.py:341} INFO - ::group::Post task execution logs
[2025-03-12T07:49:00.190+0000] {standard_task_runner.py:124} ERROR - Failed to execute job 686 for task extract_dien-gia-dung (('Connection aborted.', RemoteDisconnected('Remote end closed connection without response')); 480)
Traceback (most recent call last):
  File "/home/airflow/.local/lib/python3.12/site-packages/urllib3/connectionpool.py", line 787, in urlopen
    response = self._make_request(
               ^^^^^^^^^^^^^^^^^^^
  File "/home/airflow/.local/lib/python3.12/site-packages/urllib3/connectionpool.py", line 534, in _make_request
    response = conn.getresponse()
               ^^^^^^^^^^^^^^^^^^
  File "/home/airflow/.local/lib/python3.12/site-packages/urllib3/connection.py", line 516, in getresponse
    httplib_response = super().getresponse()
                       ^^^^^^^^^^^^^^^^^^^^^
  File "/usr/local/lib/python3.12/http/client.py", line 1430, in getresponse
    response.begin()
  File "/usr/local/lib/python3.12/http/client.py", line 331, in begin
    version, status, reason = self._read_status()
                              ^^^^^^^^^^^^^^^^^^^
  File "/usr/local/lib/python3.12/http/client.py", line 300, in _read_status
    raise RemoteDisconnected("Remote end closed connection without"
http.client.RemoteDisconnected: Remote end closed connection without response

During handling of the above exception, another exception occurred:

Traceback (most recent call last):
  File "/home/airflow/.local/lib/python3.12/site-packages/requests/adapters.py", line 667, in send
    resp = conn.urlopen(
           ^^^^^^^^^^^^^
  File "/home/airflow/.local/lib/python3.12/site-packages/urllib3/connectionpool.py", line 841, in urlopen
    retries = retries.increment(
              ^^^^^^^^^^^^^^^^^^
  File "/home/airflow/.local/lib/python3.12/site-packages/urllib3/util/retry.py", line 474, in increment
    raise reraise(type(error), error, _stacktrace)
          ^^^^^^^^^^^^^^^^^^^^^^^^^^^^^^^^^^^^^^^^
  File "/home/airflow/.local/lib/python3.12/site-packages/urllib3/util/util.py", line 38, in reraise
    raise value.with_traceback(tb)
  File "/home/airflow/.local/lib/python3.12/site-packages/urllib3/connectionpool.py", line 787, in urlopen
    response = self._make_request(
               ^^^^^^^^^^^^^^^^^^^
  File "/home/airflow/.local/lib/python3.12/site-packages/urllib3/connectionpool.py", line 534, in _make_request
    response = conn.getresponse()
               ^^^^^^^^^^^^^^^^^^
  File "/home/airflow/.local/lib/python3.12/site-packages/urllib3/connection.py", line 516, in getresponse
    httplib_response = super().getresponse()
                       ^^^^^^^^^^^^^^^^^^^^^
  File "/usr/local/lib/python3.12/http/client.py", line 1430, in getresponse
    response.begin()
  File "/usr/local/lib/python3.12/http/client.py", line 331, in begin
    version, status, reason = self._read_status()
                              ^^^^^^^^^^^^^^^^^^^
  File "/usr/local/lib/python3.12/http/client.py", line 300, in _read_status
    raise RemoteDisconnected("Remote end closed connection without"
urllib3.exceptions.ProtocolError: ('Connection aborted.', RemoteDisconnected('Remote end closed connection without response'))

During handling of the above exception, another exception occurred:

Traceback (most recent call last):
  File "/home/airflow/.local/lib/python3.12/site-packages/google/auth/transport/requests.py", line 186, in __call__
    response = self.session.request(
               ^^^^^^^^^^^^^^^^^^^^^
  File "/home/airflow/.local/lib/python3.12/site-packages/requests/sessions.py", line 589, in request
    resp = self.send(prep, **send_kwargs)
           ^^^^^^^^^^^^^^^^^^^^^^^^^^^^^^
  File "/home/airflow/.local/lib/python3.12/site-packages/requests/sessions.py", line 703, in send
    r = adapter.send(request, **kwargs)
        ^^^^^^^^^^^^^^^^^^^^^^^^^^^^^^^
  File "/home/airflow/.local/lib/python3.12/site-packages/requests/adapters.py", line 682, in send
    raise ConnectionError(err, request=request)
requests.exceptions.ConnectionError: ('Connection aborted.', RemoteDisconnected('Remote end closed connection without response'))

The above exception was the direct cause of the following exception:

Traceback (most recent call last):
  File "/home/airflow/.local/lib/python3.12/site-packages/airflow/task/task_runner/standard_task_runner.py", line 117, in _start_by_fork
    ret = args.func(args, dag=self.dag)
          ^^^^^^^^^^^^^^^^^^^^^^^^^^^^^
  File "/home/airflow/.local/lib/python3.12/site-packages/airflow/cli/cli_config.py", line 49, in command
    return func(*args, **kwargs)
           ^^^^^^^^^^^^^^^^^^^^^
  File "/home/airflow/.local/lib/python3.12/site-packages/airflow/utils/cli.py", line 116, in wrapper
    return f(*args, **kwargs)
           ^^^^^^^^^^^^^^^^^^
  File "/home/airflow/.local/lib/python3.12/site-packages/airflow/cli/commands/task_command.py", line 483, in task_run
    task_return_code = _run_task_by_selected_method(args, _dag, ti)
                       ^^^^^^^^^^^^^^^^^^^^^^^^^^^^^^^^^^^^^^^^^^^^
  File "/home/airflow/.local/lib/python3.12/site-packages/airflow/cli/commands/task_command.py", line 256, in _run_task_by_selected_method
    return _run_raw_task(args, ti)
           ^^^^^^^^^^^^^^^^^^^^^^^
  File "/home/airflow/.local/lib/python3.12/site-packages/airflow/cli/commands/task_command.py", line 341, in _run_raw_task
    return ti._run_raw_task(
           ^^^^^^^^^^^^^^^^^
  File "/home/airflow/.local/lib/python3.12/site-packages/airflow/utils/session.py", line 97, in wrapper
    return func(*args, session=session, **kwargs)
           ^^^^^^^^^^^^^^^^^^^^^^^^^^^^^^^^^^^^^^
  File "/home/airflow/.local/lib/python3.12/site-packages/airflow/models/taskinstance.py", line 3006, in _run_raw_task
    return _run_raw_task(
           ^^^^^^^^^^^^^^
  File "/home/airflow/.local/lib/python3.12/site-packages/airflow/models/taskinstance.py", line 274, in _run_raw_task
    TaskInstance._execute_task_with_callbacks(
  File "/home/airflow/.local/lib/python3.12/site-packages/airflow/models/taskinstance.py", line 3161, in _execute_task_with_callbacks
    result = self._execute_task(context, task_orig)
             ^^^^^^^^^^^^^^^^^^^^^^^^^^^^^^^^^^^^^^
  File "/home/airflow/.local/lib/python3.12/site-packages/airflow/models/taskinstance.py", line 3185, in _execute_task
    return _execute_task(self, context, task_orig)
           ^^^^^^^^^^^^^^^^^^^^^^^^^^^^^^^^^^^^^^^
  File "/home/airflow/.local/lib/python3.12/site-packages/airflow/models/taskinstance.py", line 768, in _execute_task
    result = _execute_callable(context=context, **execute_callable_kwargs)
             ^^^^^^^^^^^^^^^^^^^^^^^^^^^^^^^^^^^^^^^^^^^^^^^^^^^^^^^^^^^^^
  File "/home/airflow/.local/lib/python3.12/site-packages/airflow/models/taskinstance.py", line 734, in _execute_callable
    return ExecutionCallableRunner(
           ^^^^^^^^^^^^^^^^^^^^^^^^
  File "/home/airflow/.local/lib/python3.12/site-packages/airflow/utils/operator_helpers.py", line 252, in run
    return self.func(*args, **kwargs)
           ^^^^^^^^^^^^^^^^^^^^^^^^^^
  File "/home/airflow/.local/lib/python3.12/site-packages/airflow/models/baseoperator.py", line 424, in wrapper
    return func(self, *args, **kwargs)
           ^^^^^^^^^^^^^^^^^^^^^^^^^^^
  File "/home/airflow/.local/lib/python3.12/site-packages/airflow/operators/python.py", line 238, in execute
    return_value = self.execute_callable()
                   ^^^^^^^^^^^^^^^^^^^^^^^
  File "/home/airflow/.local/lib/python3.12/site-packages/airflow/operators/python.py", line 256, in execute_callable
    return runner.run(*self.op_args, **self.op_kwargs)
           ^^^^^^^^^^^^^^^^^^^^^^^^^^^^^^^^^^^^^^^^^^^
  File "/home/airflow/.local/lib/python3.12/site-packages/airflow/utils/operator_helpers.py", line 252, in run
    return self.func(*args, **kwargs)
           ^^^^^^^^^^^^^^^^^^^^^^^^^^
  File "/opt/airflow/dags/tiki_extract_dag.py", line 170, in extract_category_data
    blob.upload_from_string(json.dumps(all_raw_data), content_type='application/json')
  File "/usr/local/lib/python3.12/contextlib.py", line 81, in inner
    return func(*args, **kwds)
           ^^^^^^^^^^^^^^^^^^^
  File "/home/airflow/.local/lib/python3.12/site-packages/google/cloud/storage/blob.py", line 3128, in upload_from_string
    self.upload_from_file(
  File "/usr/local/lib/python3.12/contextlib.py", line 81, in inner
    return func(*args, **kwds)
           ^^^^^^^^^^^^^^^^^^^
  File "/home/airflow/.local/lib/python3.12/site-packages/google/cloud/storage/blob.py", line 2851, in upload_from_file
    self._prep_and_do_upload(
  File "/home/airflow/.local/lib/python3.12/site-packages/google/cloud/storage/blob.py", line 2700, in _prep_and_do_upload
    created_json = self._do_upload(
                   ^^^^^^^^^^^^^^^^
  File "/home/airflow/.local/lib/python3.12/site-packages/google/cloud/storage/blob.py", line 2506, in _do_upload
    response = self._do_multipart_upload(
               ^^^^^^^^^^^^^^^^^^^^^^^^^^
  File "/home/airflow/.local/lib/python3.12/site-packages/google/cloud/storage/blob.py", line 2007, in _do_multipart_upload
    response = upload.transmit(
               ^^^^^^^^^^^^^^^^
  File "/home/airflow/.local/lib/python3.12/site-packages/google/resumable_media/requests/upload.py", line 153, in transmit
    return _request_helpers.wait_and_retry(
           ^^^^^^^^^^^^^^^^^^^^^^^^^^^^^^^^
  File "/home/airflow/.local/lib/python3.12/site-packages/google/resumable_media/requests/_request_helpers.py", line 155, in wait_and_retry
    response = func()
               ^^^^^^
  File "/home/airflow/.local/lib/python3.12/site-packages/google/resumable_media/requests/upload.py", line 145, in retriable_request
    result = transport.request(
             ^^^^^^^^^^^^^^^^^^
  File "/home/airflow/.local/lib/python3.12/site-packages/google/auth/transport/requests.py", line 533, in request
    self.credentials.before_request(auth_request, method, url, request_headers)
  File "/home/airflow/.local/lib/python3.12/site-packages/google/auth/credentials.py", line 239, in before_request
    self._blocking_refresh(request)
  File "/home/airflow/.local/lib/python3.12/site-packages/google/auth/credentials.py", line 202, in _blocking_refresh
    self.refresh(request)
  File "/home/airflow/.local/lib/python3.12/site-packages/google/oauth2/service_account.py", line 448, in refresh
    access_token, expiry, _ = _client.jwt_grant(
                              ^^^^^^^^^^^^^^^^^^
  File "/home/airflow/.local/lib/python3.12/site-packages/google/oauth2/_client.py", line 299, in jwt_grant
    response_data = _token_endpoint_request(
                    ^^^^^^^^^^^^^^^^^^^^^^^^
  File "/home/airflow/.local/lib/python3.12/site-packages/google/oauth2/_client.py", line 259, in _token_endpoint_request
    response_status_ok, response_data, retryable_error = _token_endpoint_request_no_throw(
                                                         ^^^^^^^^^^^^^^^^^^^^^^^^^^^^^^^^^
  File "/home/airflow/.local/lib/python3.12/site-packages/google/oauth2/_client.py", line 192, in _token_endpoint_request_no_throw
    response = request(
               ^^^^^^^^
  File "/home/airflow/.local/lib/python3.12/site-packages/google/auth/transport/requests.py", line 192, in __call__
    raise new_exc from caught_exc
google.auth.exceptions.TransportError: ('Connection aborted.', RemoteDisconnected('Remote end closed connection without response'))
[2025-03-12T07:49:00.261+0000] {local_task_job_runner.py:266} INFO - Task exited with return code 1
[2025-03-12T07:49:00.329+0000] {taskinstance.py:3901} INFO - 0 downstream tasks scheduled from follow-on schedule check
[2025-03-12T07:49:00.332+0000] {local_task_job_runner.py:245} INFO - ::endgroup::
